IQ-TREE version 3.1.1 for Windows 64-bit built Apr  2 2026
Developed by Bui Quang Minh, Thomas Wong, Nhan Ly-Trong, Huaiyan Ren
Contributed by Lam-Tung Nguyen, Dominik Schrempf, Chris Bielow,
Olga Chernomor, Michael Woodhams, Diep Thi Hoang, Heiko Schmidt

Host:    Rain (AVX2, FMA3, 15 GB RAM)
Command: iqtree3 -s C:\Users\nickh\OneDrive\Desktop\phylo-tool\backend\iqtree_runs\8c742326-618b-4b66-b931-e582741646b8\matrix.nex -m MFP
Seed:    404377 (Using SPRNG - Scalable Parallel Random Number Generator)
Time:    Mon Apr 06 07:11:23 2026
Kernel:  AVX+FMA - 1 threads (12 CPU cores detected)

HINT: Use -nt option to specify number of threads because your CPU has 12 cores!
HINT: -nt AUTO will automatically determine the best number of threads to use.

Reading alignment file C:\Users\nickh\OneDrive\Desktop\phylo-tool\backend\iqtree_runs\8c742326-618b-4b66-b931-e582741646b8\matrix.nex ... Nexus format detected
Alignment has 6 sequences with 3 columns, 3 distinct patterns
3 parsimony-informative, 0 singleton sites, 0 constant sites
         Gap/Ambiguity  Composition  p-value
Analyzing sequences: done in 5.3e-005 secs
   1  Root       0.00%    passed     43.86%
   2  Taxon_1    0.00%    passed     43.86%
   3  Taxon_2    0.00%    passed     43.86%
   4  Taxon_3    0.00%    passed     12.13%
   5  Taxon_4    0.00%    passed     69.85%
   6  Taxon_5    0.00%    passed     69.85%
****  TOTAL      0.00%  0 sequences failed composition chi2 test (p-value<5%; df=1)
NOTE: Taxon_2 is identical to Root but kept for subsequent analysis
Checking for duplicate sequences: done in 2.77e-005 secs

Creating fast initial parsimony tree by random order stepwise addition...
0.001 seconds, parsimony score: 4 (based on 3 sites)
Perform fast likelihood tree search using GTR2+ASC+G model...
Estimate model parameters (epsilon = 5.000)
Perform nearest neighbor interchange...
Estimate model parameters (epsilon = 1.000)
1. Initial log-likelihood: -8.321
Optimal log-likelihood: -8.229
State frequencies:  0: 0.274  1: 0.726
Gamma shape alpha: 0.092
Parameters optimization took 1 rounds (0.000 sec)
Time for fast ML tree search: 0.002 seconds

NOTE: ModelFinder requires 0 MB RAM!
ModelFinder will test up to 44 binary models (sample size: 3 epsilon: 0.100) ...
 No. Model         -LnL         df  AIC          AICc         BIC
  1  GTR2+FO       9.663        10  39.325       259.325      30.311
  2  GTR2+FO+ASC   8.927        10  37.855       257.855      28.841
  3  GTR2+FO+G4    9.352        11  40.703       304.703      30.788
  4  GTR2+FO+ASC+G4 8.229        11  38.458       302.458      28.543
  5  GTR2+FO+R2    9.643        12  43.286       355.286      32.469
  6  GTR2+FO+R3    9.614        14  47.228       467.228      34.609
 14  GTR2+FO+ASC+R2 8.067        12  40.134       352.134      29.318
 15  GTR2+FO+ASC+R3 7.926        14  43.851       463.851      31.232
 23  JC2+FQ        9.718        9   37.435       217.435      29.323
 24  JC2+FQ+ASC    8.721        9   35.442       215.442      27.330
 25  JC2+FQ+G4     9.718        10  39.436       259.436      30.423
 26  JC2+FQ+ASC+G4 8.720        10  37.440       257.440      28.426
 27  JC2+FQ+R2     9.442        11  40.883       304.883      30.968
 28  JC2+FQ+R3     9.389        13  44.777       408.777      33.059
 36  JC2+FQ+ASC+R2 8.263        11  38.526       302.526      28.611
 37  JC2+FQ+ASC+R3 8.313        13  42.625       406.625      30.907
Akaike Information Criterion:           JC2+FQ+ASC
Corrected Akaike Information Criterion: JC2+FQ+ASC
Bayesian Information Criterion:         JC2+FQ+ASC
Best-fit model: JC2+FQ+ASC chosen according to BIC

All model information printed to C:\Users\nickh\OneDrive\Desktop\phylo-tool\backend\iqtree_runs\8c742326-618b-4b66-b931-e582741646b8\matrix.nex.model.gz
CPU time for ModelFinder: 0.016 seconds (0h:0m:0s)
Wall-clock time for ModelFinder: 0.028 seconds (0h:0m:0s)

NOTE: 0 MB RAM (0 GB) is required!
Estimate model parameters (epsilon = 0.100)
1. Initial log-likelihood: -9.698
Optimal log-likelihood: -8.728
State frequencies:  0: 0.500  1: 0.500
Parameters optimization took 1 rounds (0.000 sec)
Wrote distance file to... 
Computing ML distances based on estimated model parameters...
Calculating distance matrix: done in 5.17e-005 secs
Computing ML distances took 0.000125 sec (of wall-clock time) 0.000000 sec (of CPU time)
WARNING: Some pairwise ML distances are too long (saturated)
Setting up auxiliary I and S matrices: done in 4.25e-005 secs
Constructing RapidNJ tree: done in 3.85e-005 secs
Computing RapidNJ tree took 0.000155 sec (of wall-clock time) 0.000000 sec (of CPU time)
Log-likelihood of RapidNJ tree: -9.680
--------------------------------------------------------------------
|             INITIALIZING CANDIDATE TREE SET                      |
--------------------------------------------------------------------
Generating 99 parsimony trees... 0.023 second
Computing log-likelihood of 30 initial trees ... 0.004 seconds
Current best score: -8.728

Do NNI search on 20 best initial trees
Estimate model parameters (epsilon = 0.100)
BETTER TREE FOUND at iteration 1: -8.720
Iteration 10 / LogL: -9.326 / Time: 0h:0m:0s
Iteration 20 / LogL: -8.850 / Time: 0h:0m:0s
Finish initializing candidate tree set (9)
Current best tree score: -8.720 / CPU time: 0.036
Number of iterations: 20
--------------------------------------------------------------------
|               OPTIMIZING CANDIDATE TREE SET                      |
--------------------------------------------------------------------
Iteration 30 / LogL: -9.326 / Time: 0h:0m:0s (0h:0m:0s left)
UPDATE BEST LOG-LIKELIHOOD: -8.719
Iteration 40 / LogL: -9.680 / Time: 0h:0m:0s (0h:0m:0s left)
Iteration 50 / LogL: -9.326 / Time: 0h:0m:0s (0h:0m:0s left)
Iteration 60 / LogL: -9.326 / Time: 0h:0m:0s (0h:0m:0s left)
UPDATE BEST LOG-LIKELIHOOD: -8.719
UPDATE BEST LOG-LIKELIHOOD: -8.719
Iteration 70 / LogL: -8.719 / Time: 0h:0m:0s (0h:0m:0s left)
Iteration 80 / LogL: -9.326 / Time: 0h:0m:0s (0h:0m:0s left)
UPDATE BEST LOG-LIKELIHOOD: -8.719
UPDATE BEST LOG-LIKELIHOOD: -8.719
Iteration 90 / LogL: -9.326 / Time: 0h:0m:0s (0h:0m:0s left)
Iteration 100 / LogL: -9.680 / Time: 0h:0m:0s (0h:0m:0s left)
TREE SEARCH COMPLETED AFTER 102 ITERATIONS / Time: 0h:0m:0s

--------------------------------------------------------------------
|                    FINALIZING TREE SEARCH                        |
--------------------------------------------------------------------
Performs final model parameters optimization
Estimate model parameters (epsilon = 0.010)
1. Initial log-likelihood: -8.719
Optimal log-likelihood: -8.719
State frequencies:  0: 0.500  1: 0.500
Parameters optimization took 1 rounds (0.000 sec)
BEST SCORE FOUND : -8.719
Total tree length: 0.953

Total number of iterations: 102
CPU time used for tree search: 0.188 sec (0h:0m:0s)
Wall-clock time used for tree search: 0.087 sec (0h:0m:0s)
Total CPU time used: 0.219 sec (0h:0m:0s)
Total wall-clock time used: 0.133 sec (0h:0m:0s)

Analysis results written to: 
  IQ-TREE report:                C:\Users\nickh\OneDrive\Desktop\phylo-tool\backend\iqtree_runs\8c742326-618b-4b66-b931-e582741646b8\matrix.nex.iqtree
  Maximum-likelihood tree:       C:\Users\nickh\OneDrive\Desktop\phylo-tool\backend\iqtree_runs\8c742326-618b-4b66-b931-e582741646b8\matrix.nex.treefile
  Likelihood distances:          C:\Users\nickh\OneDrive\Desktop\phylo-tool\backend\iqtree_runs\8c742326-618b-4b66-b931-e582741646b8\matrix.nex.mldist
  Screen log file:               C:\Users\nickh\OneDrive\Desktop\phylo-tool\backend\iqtree_runs\8c742326-618b-4b66-b931-e582741646b8\matrix.nex.log

Date and Time: Mon Apr 06 07:11:23 2026
