IQ-TREE version 3.1.1 for Windows 64-bit built Apr  2 2026
Developed by Bui Quang Minh, Thomas Wong, Nhan Ly-Trong, Huaiyan Ren
Contributed by Lam-Tung Nguyen, Dominik Schrempf, Chris Bielow,
Olga Chernomor, Michael Woodhams, Diep Thi Hoang, Heiko Schmidt

Host:    Rain (AVX2, FMA3, 15 GB RAM)
Command: iqtree3 -s C:\Users\nickh\OneDrive\Desktop\phylo-tool\backend\iqtree_runs\bfd312f2-ddb4-45f3-b8e1-41c347362e38\matrix.nex -m MFP
Seed:    332245 (Using SPRNG - Scalable Parallel Random Number Generator)
Time:    Mon Apr 06 06:01:33 2026
Kernel:  AVX+FMA - 1 threads (12 CPU cores detected)

HINT: Use -nt option to specify number of threads because your CPU has 12 cores!
HINT: -nt AUTO will automatically determine the best number of threads to use.

Reading alignment file C:\Users\nickh\OneDrive\Desktop\phylo-tool\backend\iqtree_runs\bfd312f2-ddb4-45f3-b8e1-41c347362e38\matrix.nex ... Nexus format detected
Alignment has 3 sequences with 3 columns, 3 distinct patterns
0 parsimony-informative, 2 singleton sites, 1 constant sites
         Gap/Ambiguity  Composition  p-value
Analyzing sequences: done in 7.57e-005 secs
   1  Root       0.00%    passed     22.07%
   2  Taxon_1    0.00%    passed    100.00%
   3  Taxon_2    0.00%    passed     22.07%
****  TOTAL      0.00%  0 sequences failed composition chi2 test (p-value<5%; df=1)
Checking for duplicate sequences: done in 1.62e-005 secs

Creating fast initial parsimony tree by random order stepwise addition...
WARNING: Constraint tree has all taxa and is bifurcating, which strictly enforces final tree!
0.001 seconds, parsimony score: 0 (based on 2 sites)
Perform fast likelihood tree search using GTR2+I+G model...
Estimate model parameters (epsilon = 5.000)
Perform nearest neighbor interchange...
Estimate model parameters (epsilon = 1.000)
1. Initial log-likelihood: -5.570
Optimal log-likelihood: -5.512
State frequencies:  0: 0.307  1: 0.693
Proportion of invariable sites: 0.051
Gamma shape alpha: 1.268
Parameters optimization took 1 rounds (0.000 sec)
Time for fast ML tree search: 0.001 seconds

NOTE: ModelFinder requires 0 MB RAM!
ModelFinder will test up to 44 binary models (sample size: 3 epsilon: 0.100) ...
 No. Model         -LnL         df  AIC          AICc         BIC
  1  GTR2+FO       5.444        4   18.888       58.888       15.283
  2  GTR2+FO+I     5.444        5   20.888       80.888       16.381
  3  GTR2+FO+G4    5.446        5   20.892       80.892       16.385
  4  GTR2+FO+I+G4  5.482        6   22.963       106.963      17.555
  5  GTR2+FO+R2    5.444        6   22.888       106.888      17.480
  6  GTR2+FO+R3    5.444        8   26.888       170.888      19.677
 14  GTR2+FO+I+R2  5.466        7   24.931       136.931      18.622
 15  GTR2+FO+I+R3  5.448        9   28.896       208.896      20.784
 23  JC2+FQ        5.899        3   17.797       41.797       15.093
 24  JC2+FQ+I      5.899        4   19.797       59.797       16.192
 25  JC2+FQ+G4     5.989        4   19.979       59.979       16.373
 26  JC2+FQ+I+G4   5.985        5   21.970       81.970       17.463
 27  JC2+FQ+R2     5.899        5   21.798       81.798       17.291
 28  JC2+FQ+R3     5.900        7   25.800       137.800      19.490
 36  JC2+FQ+I+R2   5.903        6   23.806       107.806      18.398
 37  JC2+FQ+I+R3   5.901        8   27.802       171.802      20.591
Akaike Information Criterion:           JC2+FQ
Corrected Akaike Information Criterion: JC2+FQ
Bayesian Information Criterion:         JC2+FQ
Best-fit model: JC2+FQ chosen according to BIC

All model information printed to C:\Users\nickh\OneDrive\Desktop\phylo-tool\backend\iqtree_runs\bfd312f2-ddb4-45f3-b8e1-41c347362e38\matrix.nex.model.gz
CPU time for ModelFinder: 0.016 seconds (0h:0m:0s)
Wall-clock time for ModelFinder: 0.017 seconds (0h:0m:0s)

NOTE: 0 MB RAM (0 GB) is required!
Estimate model parameters (epsilon = 0.100)
1. Initial log-likelihood: -5.899
Optimal log-likelihood: -5.899
State frequencies:  0: 0.500  1: 0.500
Parameters optimization took 1 rounds (0.000 sec)
Wrote distance file to... 
Computing ML distances based on estimated model parameters...
Calculating distance matrix: done in 8.26e-005 secs
Computing ML distances took 0.000188 sec (of wall-clock time) 0.000000 sec (of CPU time)
WARNING: Some pairwise ML distances are too long (saturated)
Setting up auxiliary I and S matrices: done in 4.76e-005 secs
Constructing RapidNJ tree: done in 9e-007 secs
Computing RapidNJ tree took 0.000135 sec (of wall-clock time) 0.000000 sec (of CPU time)
Log-likelihood of RapidNJ tree: -5.899
--------------------------------------------------------------------
|             INITIALIZING CANDIDATE TREE SET                      |
--------------------------------------------------------------------
Generating 99 parsimony trees... WARNING: Constraint tree has all taxa and is bifurcating, which strictly enforces final tree!
WARNING: Constraint tree has all taxa and is bifurcating, which strictly enforces final tree!
WARNING: Constraint tree has all taxa and is bifurcating, which strictly enforces final tree!
WARNING: Constraint tree has all taxa and is bifurcating, which strictly enforces final tree!
WARNING: Constraint tree has all taxa and is bifurcating, which strictly enforces final tree!
WARNING: Constraint tree has all taxa and is bifurcating, which strictly enforces final tree!
WARNING: Constraint tree has all taxa and is bifurcating, which strictly enforces final tree!
WARNING: Constraint tree has all taxa and is bifurcating, which strictly enforces final tree!
WARNING: Constraint tree has all taxa and is bifurcating, which strictly enforces final tree!
WARNING: Constraint tree has all taxa and is bifurcating, which strictly enforces final tree!
WARNING: Constraint tree has all taxa and is bifurcating, which strictly enforces final tree!
WARNING: Constraint tree has all taxa and is bifurcating, which strictly enforces final tree!
WARNING: Constraint tree has all taxa and is bifurcating, which strictly enforces final tree!
WARNING: Constraint tree has all taxa and is bifurcating, which strictly enforces final tree!
WARNING: Constraint tree has all taxa and is bifurcating, which strictly enforces final tree!
WARNING: Constraint tree has all taxa and is bifurcating, which strictly enforces final tree!
WARNING: Constraint tree has all taxa and is bifurcating, which strictly enforces final tree!
WARNING: Constraint tree has all taxa and is bifurcating, which strictly enforces final tree!
WARNING: Constraint tree has all taxa and is bifurcating, which strictly enforces final tree!
WARNING: Constraint tree has all taxa and is bifurcating, which strictly enforces final tree!
WARNING: Constraint tree has all taxa and is bifurcating, which strictly enforces final tree!
WARNING: Constraint tree has all taxa and is bifurcating, which strictly enforces final tree!
WARNING: Constraint tree has all taxa and is bifurcating, which strictly enforces final tree!
WARNING: Constraint tree has all taxa and is bifurcating, which strictly enforces final tree!
WARNING: Constraint tree has all taxa and is bifurcating, which strictly enforces final tree!
WARNING: Constraint tree has all taxa and is bifurcating, which strictly enforces final tree!
WARNING: Constraint tree has all taxa and is bifurcating, which strictly enforces final tree!
WARNING: Constraint tree has all taxa and is bifurcating, which strictly enforces final tree!
WARNING: Constraint tree has all taxa and is bifurcating, which strictly enforces final tree!
WARNING: Constraint tree has all taxa and is bifurcating, which strictly enforces final tree!
WARNING: Constraint tree has all taxa and is bifurcating, which strictly enforces final tree!
WARNING: Constraint tree has all taxa and is bifurcating, which strictly enforces final tree!
WARNING: Constraint tree has all taxa and is bifurcating, which strictly enforces final tree!
WARNING: Constraint tree has all taxa and is bifurcating, which strictly enforces final tree!
WARNING: Constraint tree has all taxa and is bifurcating, which strictly enforces final tree!
WARNING: Constraint tree has all taxa and is bifurcating, which strictly enforces final tree!
WARNING: Constraint tree has all taxa and is bifurcating, which strictly enforces final tree!
WARNING: Constraint tree has all taxa and is bifurcating, which strictly enforces final tree!
WARNING: Constraint tree has all taxa and is bifurcating, which strictly enforces final tree!
WARNING: Constraint tree has all taxa and is bifurcating, which strictly enforces final tree!
WARNING: Constraint tree has all taxa and is bifurcating, which strictly enforces final tree!
WARNING: Constraint tree has all taxa and is bifurcating, which strictly enforces final tree!
WARNING: Constraint tree has all taxa and is bifurcating, which strictly enforces final tree!
WARNING: Constraint tree has all taxa and is bifurcating, which strictly enforces final tree!
WARNING: Constraint tree has all taxa and is bifurcating, which strictly enforces final tree!
WARNING: Constraint tree has all taxa and is bifurcating, which strictly enforces final tree!
WARNING: Constraint tree has all taxa and is bifurcating, which strictly enforces final tree!
WARNING: Constraint tree has all taxa and is bifurcating, which strictly enforces final tree!
WARNING: Constraint tree has all taxa and is bifurcating, which strictly enforces final tree!
WARNING: Constraint tree has all taxa and is bifurcating, which strictly enforces final tree!
WARNING: Constraint tree has all taxa and is bifurcating, which strictly enforces final tree!
WARNING: Constraint tree has all taxa and is bifurcating, which strictly enforces final tree!
WARNING: Constraint tree has all taxa and is bifurcating, which strictly enforces final tree!
WARNING: Constraint tree has all taxa and is bifurcating, which strictly enforces final tree!
WARNING: Constraint tree has all taxa and is bifurcating, which strictly enforces final tree!
WARNING: Constraint tree has all taxa and is bifurcating, which strictly enforces final tree!
WARNING: Constraint tree has all taxa and is bifurcating, which strictly enforces final tree!
WARNING: Constraint tree has all taxa and is bifurcating, which strictly enforces final tree!
WARNING: Constraint tree has all taxa and is bifurcating, which strictly enforces final tree!
WARNING: Constraint tree has all taxa and is bifurcating, which strictly enforces final tree!
WARNING: Constraint tree has all taxa and is bifurcating, which strictly enforces final tree!
WARNING: Constraint tree has all taxa and is bifurcating, which strictly enforces final tree!
WARNING: Constraint tree has all taxa and is bifurcating, which strictly enforces final tree!
WARNING: Constraint tree has all taxa and is bifurcating, which strictly enforces final tree!
WARNING: Constraint tree has all taxa and is bifurcating, which strictly enforces final tree!
WARNING: Constraint tree has all taxa and is bifurcating, which strictly enforces final tree!
WARNING: Constraint tree has all taxa and is bifurcating, which strictly enforces final tree!
WARNING: Constraint tree has all taxa and is bifurcating, which strictly enforces final tree!
WARNING: Constraint tree has all taxa and is bifurcating, which strictly enforces final tree!
WARNING: Constraint tree has all taxa and is bifurcating, which strictly enforces final tree!
WARNING: Constraint tree has all taxa and is bifurcating, which strictly enforces final tree!
WARNING: Constraint tree has all taxa and is bifurcating, which strictly enforces final tree!
WARNING: Constraint tree has all taxa and is bifurcating, which strictly enforces final tree!
WARNING: Constraint tree has all taxa and is bifurcating, which strictly enforces final tree!
WARNING: Constraint tree has all taxa and is bifurcating, which strictly enforces final tree!
WARNING: Constraint tree has all taxa and is bifurcating, which strictly enforces final tree!
WARNING: Constraint tree has all taxa and is bifurcating, which strictly enforces final tree!
WARNING: Constraint tree has all taxa and is bifurcating, which strictly enforces final tree!
WARNING: Constraint tree has all taxa and is bifurcating, which strictly enforces final tree!
WARNING: Constraint tree has all taxa and is bifurcating, which strictly enforces final tree!
WARNING: Constraint tree has all taxa and is bifurcating, which strictly enforces final tree!
WARNING: Constraint tree has all taxa and is bifurcating, which strictly enforces final tree!
WARNING: Constraint tree has all taxa and is bifurcating, which strictly enforces final tree!
WARNING: Constraint tree has all taxa and is bifurcating, which strictly enforces final tree!
WARNING: Constraint tree has all taxa and is bifurcating, which strictly enforces final tree!
WARNING: Constraint tree has all taxa and is bifurcating, which strictly enforces final tree!
WARNING: Constraint tree has all taxa and is bifurcating, which strictly enforces final tree!
WARNING: Constraint tree has all taxa and is bifurcating, which strictly enforces final tree!
WARNING: Constraint tree has all taxa and is bifurcating, which strictly enforces final tree!
WARNING: Constraint tree has all taxa and is bifurcating, which strictly enforces final tree!
WARNING: Constraint tree has all taxa and is bifurcating, which strictly enforces final tree!
WARNING: Constraint tree has all taxa and is bifurcating, which strictly enforces final tree!
WARNING: Constraint tree has all taxa and is bifurcating, which strictly enforces final tree!
WARNING: Constraint tree has all taxa and is bifurcating, which strictly enforces final tree!
WARNING: Constraint tree has all taxa and is bifurcating, which strictly enforces final tree!
WARNING: Constraint tree has all taxa and is bifurcating, which strictly enforces final tree!
WARNING: Constraint tree has all taxa and is bifurcating, which strictly enforces final tree!
WARNING: Constraint tree has all taxa and is bifurcating, which strictly enforces final tree!
WARNING: Constraint tree has all taxa and is bifurcating, which strictly enforces final tree!
0.008 second
Current best score: -5.899

Do NNI search on 1 best initial trees
Finish initializing candidate tree set (1)
Current best tree score: -5.899 / CPU time: 0.009
Number of iterations: 1
--------------------------------------------------------------------
|               OPTIMIZING CANDIDATE TREE SET                      |
--------------------------------------------------------------------
Iteration 10 / LogL: -5.899 / Time: 0h:0m:0s
Iteration 20 / LogL: -5.899 / Time: 0h:0m:0s
Iteration 30 / LogL: -5.899 / Time: 0h:0m:0s (0h:0m:0s left)
Iteration 40 / LogL: -5.899 / Time: 0h:0m:0s (0h:0m:0s left)
Iteration 50 / LogL: -5.899 / Time: 0h:0m:0s (0h:0m:0s left)
Iteration 60 / LogL: -5.899 / Time: 0h:0m:0s (0h:0m:0s left)
Iteration 70 / LogL: -5.899 / Time: 0h:0m:0s (0h:0m:0s left)
Iteration 80 / LogL: -5.899 / Time: 0h:0m:0s (0h:0m:0s left)
Iteration 90 / LogL: -5.899 / Time: 0h:0m:0s (0h:0m:0s left)
Iteration 100 / LogL: -5.899 / Time: 0h:0m:0s (0h:0m:0s left)
TREE SEARCH COMPLETED AFTER 101 ITERATIONS / Time: 0h:0m:0s

--------------------------------------------------------------------
|                    FINALIZING TREE SEARCH                        |
--------------------------------------------------------------------
Performs final model parameters optimization
Estimate model parameters (epsilon = 0.010)
1. Initial log-likelihood: -5.899
Optimal log-likelihood: -5.899
State frequencies:  0: 0.500  1: 0.500
Parameters optimization took 1 rounds (0.000 sec)
BEST SCORE FOUND : -5.899
Total tree length: 1.099

Total number of iterations: 101
CPU time used for tree search: 0.000 sec (0h:0m:0s)
Wall-clock time used for tree search: 0.015 sec (0h:0m:0s)
Total CPU time used: 0.016 sec (0h:0m:0s)
Total wall-clock time used: 0.049 sec (0h:0m:0s)

Analysis results written to: 
  IQ-TREE report:                C:\Users\nickh\OneDrive\Desktop\phylo-tool\backend\iqtree_runs\bfd312f2-ddb4-45f3-b8e1-41c347362e38\matrix.nex.iqtree
  Maximum-likelihood tree:       C:\Users\nickh\OneDrive\Desktop\phylo-tool\backend\iqtree_runs\bfd312f2-ddb4-45f3-b8e1-41c347362e38\matrix.nex.treefile
  Likelihood distances:          C:\Users\nickh\OneDrive\Desktop\phylo-tool\backend\iqtree_runs\bfd312f2-ddb4-45f3-b8e1-41c347362e38\matrix.nex.mldist
  Screen log file:               C:\Users\nickh\OneDrive\Desktop\phylo-tool\backend\iqtree_runs\bfd312f2-ddb4-45f3-b8e1-41c347362e38\matrix.nex.log

Date and Time: Mon Apr 06 06:01:33 2026
