IQ-TREE version 3.1.1 for Windows 64-bit built Apr  2 2026
Developed by Bui Quang Minh, Thomas Wong, Nhan Ly-Trong, Huaiyan Ren
Contributed by Lam-Tung Nguyen, Dominik Schrempf, Chris Bielow,
Olga Chernomor, Michael Woodhams, Diep Thi Hoang, Heiko Schmidt

Host:    Rain (AVX2, FMA3, 15 GB RAM)
Command: iqtree3 -s C:\Users\nickh\OneDrive\Desktop\phylo-tool\backend\iqtree_runs\2f1c33e2-5722-40be-aa69-2551e0797173\matrix.nex -m JC
Seed:    979936 (Using SPRNG - Scalable Parallel Random Number Generator)
Time:    Mon Apr 06 07:24:25 2026
Kernel:  AVX+FMA - 1 threads (12 CPU cores detected)

HINT: Use -nt option to specify number of threads because your CPU has 12 cores!
HINT: -nt AUTO will automatically determine the best number of threads to use.

Reading alignment file C:\Users\nickh\OneDrive\Desktop\phylo-tool\backend\iqtree_runs\2f1c33e2-5722-40be-aa69-2551e0797173\matrix.nex ... Nexus format detected
Alignment has 3 sequences with 3 columns, 3 distinct patterns
0 parsimony-informative, 3 singleton sites, 0 constant sites
         Gap/Ambiguity  Composition  p-value
Analyzing sequences: done in 8.62e-005 secs
   1  Root       0.00%    passed     52.22%
   2  Taxon_1    0.00%    passed     86.14%
   3  Taxon_2    0.00%    passed     68.23%
****  TOTAL      0.00%  0 sequences failed composition chi2 test (p-value<5%; df=3)
Checking for duplicate sequences: done in 2.43e-005 secs

Create initial parsimony tree by phylogenetic likelihood library (PLL)... 0.000 seconds

NOTE: 0 MB RAM (0 GB) is required!
Estimate model parameters (epsilon = 0.100)
1. Initial log-likelihood: -12.477
Optimal log-likelihood: -12.425
Rate parameters:  A-C: 1.00000  A-G: 1.00000  A-T: 1.00000  C-G: 1.00000  C-T: 1.00000  G-T: 1.00000
Base frequencies:  A: 0.250  C: 0.250  G: 0.250  T: 0.250
Parameters optimization took 1 rounds (0.000 sec)
Wrote distance file to... 
Computing ML distances based on estimated model parameters...
Calculating distance matrix: done in 3.25e-005 secs
Computing ML distances took 0.000085 sec (of wall-clock time) 0.000000 sec (of CPU time)
WARNING: Some pairwise ML distances are too long (saturated)
Setting up auxiliary I and S matrices: done in 6.28e-005 secs
Constructing RapidNJ tree: done in 1.6e-006 secs
Computing RapidNJ tree took 0.000167 sec (of wall-clock time) 0.000000 sec (of CPU time)
Log-likelihood of RapidNJ tree: -12.425
--------------------------------------------------------------------
|             INITIALIZING CANDIDATE TREE SET                      |
--------------------------------------------------------------------
Generating 99 parsimony trees... 0.007 second
Current best score: -12.425

Do NNI search on 1 best initial trees
Finish initializing candidate tree set (1)
Current best tree score: -12.425 / CPU time: 0.007
Number of iterations: 1
--------------------------------------------------------------------
|               OPTIMIZING CANDIDATE TREE SET                      |
--------------------------------------------------------------------
Iteration 10 / LogL: -12.425 / Time: 0h:0m:0s
Iteration 20 / LogL: -12.425 / Time: 0h:0m:0s
Iteration 30 / LogL: -12.425 / Time: 0h:0m:0s (0h:0m:0s left)
Iteration 40 / LogL: -12.425 / Time: 0h:0m:0s (0h:0m:0s left)
Iteration 50 / LogL: -12.425 / Time: 0h:0m:0s (0h:0m:0s left)
Iteration 60 / LogL: -12.425 / Time: 0h:0m:0s (0h:0m:0s left)
Iteration 70 / LogL: -12.425 / Time: 0h:0m:0s (0h:0m:0s left)
Iteration 80 / LogL: -12.425 / Time: 0h:0m:0s (0h:0m:0s left)
Iteration 90 / LogL: -12.425 / Time: 0h:0m:0s (0h:0m:0s left)
Iteration 100 / LogL: -12.425 / Time: 0h:0m:0s (0h:0m:0s left)
TREE SEARCH COMPLETED AFTER 101 ITERATIONS / Time: 0h:0m:0s

--------------------------------------------------------------------
|                    FINALIZING TREE SEARCH                        |
--------------------------------------------------------------------
Performs final model parameters optimization
Estimate model parameters (epsilon = 0.010)
1. Initial log-likelihood: -12.425
Optimal log-likelihood: -12.425
Rate parameters:  A-C: 1.00000  A-G: 1.00000  A-T: 1.00000  C-G: 1.00000  C-T: 1.00000  G-T: 1.00000
Base frequencies:  A: 0.250  C: 0.250  G: 0.250  T: 0.250
Parameters optimization took 1 rounds (0.000 sec)
BEST SCORE FOUND : -12.425
Total tree length: 11.648

Total number of iterations: 101
CPU time used for tree search: 0.016 sec (0h:0m:0s)
Wall-clock time used for tree search: 0.014 sec (0h:0m:0s)
Total CPU time used: 0.031 sec (0h:0m:0s)
Total wall-clock time used: 0.032 sec (0h:0m:0s)

Analysis results written to: 
  IQ-TREE report:                C:\Users\nickh\OneDrive\Desktop\phylo-tool\backend\iqtree_runs\2f1c33e2-5722-40be-aa69-2551e0797173\matrix.nex.iqtree
  Maximum-likelihood tree:       C:\Users\nickh\OneDrive\Desktop\phylo-tool\backend\iqtree_runs\2f1c33e2-5722-40be-aa69-2551e0797173\matrix.nex.treefile
  Likelihood distances:          C:\Users\nickh\OneDrive\Desktop\phylo-tool\backend\iqtree_runs\2f1c33e2-5722-40be-aa69-2551e0797173\matrix.nex.mldist
  Screen log file:               C:\Users\nickh\OneDrive\Desktop\phylo-tool\backend\iqtree_runs\2f1c33e2-5722-40be-aa69-2551e0797173\matrix.nex.log

Date and Time: Mon Apr 06 07:24:26 2026
