IQ-TREE version 3.1.1 for Windows 64-bit built Apr  2 2026
Developed by Bui Quang Minh, Thomas Wong, Nhan Ly-Trong, Huaiyan Ren
Contributed by Lam-Tung Nguyen, Dominik Schrempf, Chris Bielow,
Olga Chernomor, Michael Woodhams, Diep Thi Hoang, Heiko Schmidt

Host:    Rain (AVX2, FMA3, 15 GB RAM)
Command: iqtree3 -s C:\Users\nickh\OneDrive\Desktop\phylo-tool\backend\iqtree_runs\8f74ae0f-8ee5-4e33-9930-b751e896a9b6\matrix.nex -m MFP
Seed:    362638 (Using SPRNG - Scalable Parallel Random Number Generator)
Time:    Mon Apr 06 06:55:18 2026
Kernel:  AVX+FMA - 1 threads (12 CPU cores detected)

HINT: Use -nt option to specify number of threads because your CPU has 12 cores!
HINT: -nt AUTO will automatically determine the best number of threads to use.

Reading alignment file C:\Users\nickh\OneDrive\Desktop\phylo-tool\backend\iqtree_runs\8f74ae0f-8ee5-4e33-9930-b751e896a9b6\matrix.nex ... Nexus format detected
Alignment has 3 sequences with 3 columns, 3 distinct patterns
0 parsimony-informative, 3 singleton sites, 0 constant sites
         Gap/Ambiguity  Composition  p-value
Analyzing sequences: done in 6.07e-005 secs
   1  Root       0.00%    passed     69.85%
   2  Taxon_1    0.00%    passed     43.86%
   3  Taxon_2    0.00%    passed     69.85%
****  TOTAL      0.00%  0 sequences failed composition chi2 test (p-value<5%; df=1)
Checking for duplicate sequences: done in 1.62e-005 secs

Creating fast initial parsimony tree by random order stepwise addition...
WARNING: Constraint tree has all taxa and is bifurcating, which strictly enforces final tree!
0.001 seconds, parsimony score: 0 (based on 3 sites)
Perform fast likelihood tree search using GTR2+ASC+G model...
Estimate model parameters (epsilon = 5.000)
Perform nearest neighbor interchange...
Estimate model parameters (epsilon = 1.000)
1. Initial log-likelihood: -4.146
Optimal log-likelihood: -4.083
State frequencies:  0: 0.765  1: 0.235
Gamma shape alpha: 998.447
Parameters optimization took 1 rounds (0.000 sec)
Time for fast ML tree search: 0.001 seconds

NOTE: ModelFinder requires 0 MB RAM!
ModelFinder will test up to 44 binary models (sample size: 3 epsilon: 0.100) ...
 No. Model         -LnL         df  AIC          AICc         BIC
  1  GTR2+FO       6.001        4   20.003       60.003       16.397
  2  GTR2+FO+ASC   4.270        4   16.540       56.540       12.935
  3  GTR2+FO+G4    6.001        5   22.003       82.003       17.496
  4  GTR2+FO+ASC+G4 4.272        5   18.544       78.544       14.037
  5  GTR2+FO+R2    6.002        6   24.003       108.003      18.595
  6  GTR2+FO+R3    6.002        8   28.003       172.003      20.792
 14  GTR2+FO+ASC+R2 4.270        6   20.541       104.541      15.132
 15  GTR2+FO+ASC+R3 4.221        8   24.441       168.441      17.230
 23  JC2+FQ        6.068        3   18.137       42.137       15.433
 24  JC2+FQ+ASC    4.682        3   15.364       39.364       12.660
 25  JC2+FQ+G4     6.070        4   20.140       60.140       16.535
 26  JC2+FQ+ASC+G4 4.144        4   16.287       56.287       12.682
 27  JC2+FQ+R2     6.086        5   22.172       82.172       17.665
 28  JC2+FQ+R3     6.069        7   26.137       138.137      19.827
 36  JC2+FQ+ASC+R2 4.000        5   17.999       77.999       13.492
 37  JC2+FQ+ASC+R3 3.990        7   21.980       133.980      15.670
Akaike Information Criterion:           JC2+FQ+ASC
Corrected Akaike Information Criterion: JC2+FQ+ASC
Bayesian Information Criterion:         JC2+FQ+ASC
Best-fit model: JC2+FQ+ASC chosen according to BIC

All model information printed to C:\Users\nickh\OneDrive\Desktop\phylo-tool\backend\iqtree_runs\8f74ae0f-8ee5-4e33-9930-b751e896a9b6\matrix.nex.model.gz
CPU time for ModelFinder: 0.016 seconds (0h:0m:0s)
Wall-clock time for ModelFinder: 0.017 seconds (0h:0m:0s)

NOTE: 0 MB RAM (0 GB) is required!
Estimate model parameters (epsilon = 0.100)
1. Initial log-likelihood: -3.990
Optimal log-likelihood: -3.997
State frequencies:  0: 0.500  1: 0.500
Parameters optimization took 1 rounds (0.000 sec)
Wrote distance file to... 
Computing ML distances based on estimated model parameters...
Calculating distance matrix: done in 3.91e-005 secs
Computing ML distances took 0.000096 sec (of wall-clock time) 0.000000 sec (of CPU time)
WARNING: Some pairwise ML distances are too long (saturated)
Setting up auxiliary I and S matrices: done in 3.54e-005 secs
Constructing RapidNJ tree: done in 7.99999e-007 secs
Computing RapidNJ tree took 0.000108 sec (of wall-clock time) 0.000000 sec (of CPU time)
Log-likelihood of RapidNJ tree: -4.682
--------------------------------------------------------------------
|             INITIALIZING CANDIDATE TREE SET                      |
--------------------------------------------------------------------
Generating 99 parsimony trees... WARNING: Constraint tree has all taxa and is bifurcating, which strictly enforces final tree!
WARNING: Constraint tree has all taxa and is bifurcating, which strictly enforces final tree!
WARNING: Constraint tree has all taxa and is bifurcating, which strictly enforces final tree!
WARNING: Constraint tree has all taxa and is bifurcating, which strictly enforces final tree!
WARNING: Constraint tree has all taxa and is bifurcating, which strictly enforces final tree!
WARNING: Constraint tree has all taxa and is bifurcating, which strictly enforces final tree!
WARNING: Constraint tree has all taxa and is bifurcating, which strictly enforces final tree!
WARNING: Constraint tree has all taxa and is bifurcating, which strictly enforces final tree!
WARNING: Constraint tree has all taxa and is bifurcating, which strictly enforces final tree!
WARNING: Constraint tree has all taxa and is bifurcating, which strictly enforces final tree!
WARNING: Constraint tree has all taxa and is bifurcating, which strictly enforces final tree!
WARNING: Constraint tree has all taxa and is bifurcating, which strictly enforces final tree!
WARNING: Constraint tree has all taxa and is bifurcating, which strictly enforces final tree!
WARNING: Constraint tree has all taxa and is bifurcating, which strictly enforces final tree!
WARNING: Constraint tree has all taxa and is bifurcating, which strictly enforces final tree!
WARNING: Constraint tree has all taxa and is bifurcating, which strictly enforces final tree!
WARNING: Constraint tree has all taxa and is bifurcating, which strictly enforces final tree!
WARNING: Constraint tree has all taxa and is bifurcating, which strictly enforces final tree!
WARNING: Constraint tree has all taxa and is bifurcating, which strictly enforces final tree!
WARNING: Constraint tree has all taxa and is bifurcating, which strictly enforces final tree!
WARNING: Constraint tree has all taxa and is bifurcating, which strictly enforces final tree!
WARNING: Constraint tree has all taxa and is bifurcating, which strictly enforces final tree!
WARNING: Constraint tree has all taxa and is bifurcating, which strictly enforces final tree!
WARNING: Constraint tree has all taxa and is bifurcating, which strictly enforces final tree!
WARNING: Constraint tree has all taxa and is bifurcating, which strictly enforces final tree!
WARNING: Constraint tree has all taxa and is bifurcating, which strictly enforces final tree!
WARNING: Constraint tree has all taxa and is bifurcating, which strictly enforces final tree!
WARNING: Constraint tree has all taxa and is bifurcating, which strictly enforces final tree!
WARNING: Constraint tree has all taxa and is bifurcating, which strictly enforces final tree!
WARNING: Constraint tree has all taxa and is bifurcating, which strictly enforces final tree!
WARNING: Constraint tree has all taxa and is bifurcating, which strictly enforces final tree!
WARNING: Constraint tree has all taxa and is bifurcating, which strictly enforces final tree!
WARNING: Constraint tree has all taxa and is bifurcating, which strictly enforces final tree!
WARNING: Constraint tree has all taxa and is bifurcating, which strictly enforces final tree!
WARNING: Constraint tree has all taxa and is bifurcating, which strictly enforces final tree!
WARNING: Constraint tree has all taxa and is bifurcating, which strictly enforces final tree!
WARNING: Constraint tree has all taxa and is bifurcating, which strictly enforces final tree!
WARNING: Constraint tree has all taxa and is bifurcating, which strictly enforces final tree!
WARNING: Constraint tree has all taxa and is bifurcating, which strictly enforces final tree!
WARNING: Constraint tree has all taxa and is bifurcating, which strictly enforces final tree!
WARNING: Constraint tree has all taxa and is bifurcating, which strictly enforces final tree!
WARNING: Constraint tree has all taxa and is bifurcating, which strictly enforces final tree!
WARNING: Constraint tree has all taxa and is bifurcating, which strictly enforces final tree!
WARNING: Constraint tree has all taxa and is bifurcating, which strictly enforces final tree!
WARNING: Constraint tree has all taxa and is bifurcating, which strictly enforces final tree!
WARNING: Constraint tree has all taxa and is bifurcating, which strictly enforces final tree!
WARNING: Constraint tree has all taxa and is bifurcating, which strictly enforces final tree!
WARNING: Constraint tree has all taxa and is bifurcating, which strictly enforces final tree!
WARNING: Constraint tree has all taxa and is bifurcating, which strictly enforces final tree!
WARNING: Constraint tree has all taxa and is bifurcating, which strictly enforces final tree!
WARNING: Constraint tree has all taxa and is bifurcating, which strictly enforces final tree!
WARNING: Constraint tree has all taxa and is bifurcating, which strictly enforces final tree!
WARNING: Constraint tree has all taxa and is bifurcating, which strictly enforces final tree!
WARNING: Constraint tree has all taxa and is bifurcating, which strictly enforces final tree!
WARNING: Constraint tree has all taxa and is bifurcating, which strictly enforces final tree!
WARNING: Constraint tree has all taxa and is bifurcating, which strictly enforces final tree!
WARNING: Constraint tree has all taxa and is bifurcating, which strictly enforces final tree!
WARNING: Constraint tree has all taxa and is bifurcating, which strictly enforces final tree!
WARNING: Constraint tree has all taxa and is bifurcating, which strictly enforces final tree!
WARNING: Constraint tree has all taxa and is bifurcating, which strictly enforces final tree!
WARNING: Constraint tree has all taxa and is bifurcating, which strictly enforces final tree!
WARNING: Constraint tree has all taxa and is bifurcating, which strictly enforces final tree!
WARNING: Constraint tree has all taxa and is bifurcating, which strictly enforces final tree!
WARNING: Constraint tree has all taxa and is bifurcating, which strictly enforces final tree!
WARNING: Constraint tree has all taxa and is bifurcating, which strictly enforces final tree!
WARNING: Constraint tree has all taxa and is bifurcating, which strictly enforces final tree!
WARNING: Constraint tree has all taxa and is bifurcating, which strictly enforces final tree!
WARNING: Constraint tree has all taxa and is bifurcating, which strictly enforces final tree!
WARNING: Constraint tree has all taxa and is bifurcating, which strictly enforces final tree!
WARNING: Constraint tree has all taxa and is bifurcating, which strictly enforces final tree!
WARNING: Constraint tree has all taxa and is bifurcating, which strictly enforces final tree!
WARNING: Constraint tree has all taxa and is bifurcating, which strictly enforces final tree!
WARNING: Constraint tree has all taxa and is bifurcating, which strictly enforces final tree!
WARNING: Constraint tree has all taxa and is bifurcating, which strictly enforces final tree!
WARNING: Constraint tree has all taxa and is bifurcating, which strictly enforces final tree!
WARNING: Constraint tree has all taxa and is bifurcating, which strictly enforces final tree!
WARNING: Constraint tree has all taxa and is bifurcating, which strictly enforces final tree!
WARNING: Constraint tree has all taxa and is bifurcating, which strictly enforces final tree!
WARNING: Constraint tree has all taxa and is bifurcating, which strictly enforces final tree!
WARNING: Constraint tree has all taxa and is bifurcating, which strictly enforces final tree!
WARNING: Constraint tree has all taxa and is bifurcating, which strictly enforces final tree!
WARNING: Constraint tree has all taxa and is bifurcating, which strictly enforces final tree!
WARNING: Constraint tree has all taxa and is bifurcating, which strictly enforces final tree!
WARNING: Constraint tree has all taxa and is bifurcating, which strictly enforces final tree!
WARNING: Constraint tree has all taxa and is bifurcating, which strictly enforces final tree!
WARNING: Constraint tree has all taxa and is bifurcating, which strictly enforces final tree!
WARNING: Constraint tree has all taxa and is bifurcating, which strictly enforces final tree!
WARNING: Constraint tree has all taxa and is bifurcating, which strictly enforces final tree!
WARNING: Constraint tree has all taxa and is bifurcating, which strictly enforces final tree!
WARNING: Constraint tree has all taxa and is bifurcating, which strictly enforces final tree!
WARNING: Constraint tree has all taxa and is bifurcating, which strictly enforces final tree!
WARNING: Constraint tree has all taxa and is bifurcating, which strictly enforces final tree!
WARNING: Constraint tree has all taxa and is bifurcating, which strictly enforces final tree!
WARNING: Constraint tree has all taxa and is bifurcating, which strictly enforces final tree!
WARNING: Constraint tree has all taxa and is bifurcating, which strictly enforces final tree!
WARNING: Constraint tree has all taxa and is bifurcating, which strictly enforces final tree!
WARNING: Constraint tree has all taxa and is bifurcating, which strictly enforces final tree!
WARNING: Constraint tree has all taxa and is bifurcating, which strictly enforces final tree!
WARNING: Constraint tree has all taxa and is bifurcating, which strictly enforces final tree!
0.008 second
Current best score: -3.997

Do NNI search on 1 best initial trees
Finish initializing candidate tree set (1)
Current best tree score: -3.997 / CPU time: 0.008
Number of iterations: 1
--------------------------------------------------------------------
|               OPTIMIZING CANDIDATE TREE SET                      |
--------------------------------------------------------------------
Iteration 10 / LogL: -3.997 / Time: 0h:0m:0s
Iteration 20 / LogL: -3.997 / Time: 0h:0m:0s
Iteration 30 / LogL: -3.997 / Time: 0h:0m:0s (0h:0m:0s left)
Iteration 40 / LogL: -3.997 / Time: 0h:0m:0s (0h:0m:0s left)
Iteration 50 / LogL: -3.997 / Time: 0h:0m:0s (0h:0m:0s left)
Iteration 60 / LogL: -3.997 / Time: 0h:0m:0s (0h:0m:0s left)
Iteration 70 / LogL: -3.997 / Time: 0h:0m:0s (0h:0m:0s left)
Iteration 80 / LogL: -3.997 / Time: 0h:0m:0s (0h:0m:0s left)
Iteration 90 / LogL: -3.997 / Time: 0h:0m:0s (0h:0m:0s left)
Iteration 100 / LogL: -3.997 / Time: 0h:0m:0s (0h:0m:0s left)
TREE SEARCH COMPLETED AFTER 101 ITERATIONS / Time: 0h:0m:0s

--------------------------------------------------------------------
|                    FINALIZING TREE SEARCH                        |
--------------------------------------------------------------------
Performs final model parameters optimization
Estimate model parameters (epsilon = 0.010)
1. Initial log-likelihood: -3.997
Optimal log-likelihood: -3.997
State frequencies:  0: 0.500  1: 0.500
Parameters optimization took 1 rounds (0.000 sec)
BEST SCORE FOUND : -3.997
Total tree length: 0.000

Total number of iterations: 101
CPU time used for tree search: 0.016 sec (0h:0m:0s)
Wall-clock time used for tree search: 0.015 sec (0h:0m:0s)
Total CPU time used: 0.031 sec (0h:0m:0s)
Total wall-clock time used: 0.048 sec (0h:0m:0s)

Analysis results written to: 
  IQ-TREE report:                C:\Users\nickh\OneDrive\Desktop\phylo-tool\backend\iqtree_runs\8f74ae0f-8ee5-4e33-9930-b751e896a9b6\matrix.nex.iqtree
  Maximum-likelihood tree:       C:\Users\nickh\OneDrive\Desktop\phylo-tool\backend\iqtree_runs\8f74ae0f-8ee5-4e33-9930-b751e896a9b6\matrix.nex.treefile
  Likelihood distances:          C:\Users\nickh\OneDrive\Desktop\phylo-tool\backend\iqtree_runs\8f74ae0f-8ee5-4e33-9930-b751e896a9b6\matrix.nex.mldist
  Screen log file:               C:\Users\nickh\OneDrive\Desktop\phylo-tool\backend\iqtree_runs\8f74ae0f-8ee5-4e33-9930-b751e896a9b6\matrix.nex.log

Date and Time: Mon Apr 06 06:55:18 2026
