IQ-TREE version 3.1.1 for Windows 64-bit built Apr  2 2026
Developed by Bui Quang Minh, Thomas Wong, Nhan Ly-Trong, Huaiyan Ren
Contributed by Lam-Tung Nguyen, Dominik Schrempf, Chris Bielow,
Olga Chernomor, Michael Woodhams, Diep Thi Hoang, Heiko Schmidt

Host:    Rain (AVX2, FMA3, 15 GB RAM)
Command: iqtree3 -s C:\Users\nickh\OneDrive\Desktop\phylo-tool\backend\iqtree_runs\2c2b248c-cae4-4647-9885-c4feb0993a7c\matrix.nex -m GTR
Seed:    206179 (Using SPRNG - Scalable Parallel Random Number Generator)
Time:    Mon Apr 06 07:15:28 2026
Kernel:  AVX+FMA - 1 threads (12 CPU cores detected)

HINT: Use -nt option to specify number of threads because your CPU has 12 cores!
HINT: -nt AUTO will automatically determine the best number of threads to use.

Reading alignment file C:\Users\nickh\OneDrive\Desktop\phylo-tool\backend\iqtree_runs\2c2b248c-cae4-4647-9885-c4feb0993a7c\matrix.nex ... Nexus format detected
Alignment has 8 sequences with 3 columns, 3 distinct patterns
3 parsimony-informative, 0 singleton sites, 0 constant sites
         Gap/Ambiguity  Composition  p-value
Analyzing sequences: done in 5.89e-005 secs
   1  Root       0.00%    passed     43.86%
   2  Taxon_1    0.00%    passed     43.86%
   3  Taxon_2    0.00%    passed     43.86%
   4  Taxon_3    0.00%    passed     12.13%
   5  Taxon_4    0.00%    passed     69.85%
   6  Taxon_5    0.00%    passed     69.85%
   7  Taxon_6  100.00%    passed       nan%
   8  Taxon_7  100.00%    passed       nan%
WARNING: 2 sequences contain more than 50% gaps/ambiguity
****  TOTAL     25.00%  0 sequences failed composition chi2 test (p-value<5%; df=1)
WARNING: Sequence Taxon_6 contains only gaps or missing data
WARNING: Sequence Taxon_7 contains only gaps or missing data
ERROR: Some sequences (see above) are problematic, please check your alignment again
