IQ-TREE version 3.1.1 for Windows 64-bit built Apr  2 2026
Developed by Bui Quang Minh, Thomas Wong, Nhan Ly-Trong, Huaiyan Ren
Contributed by Lam-Tung Nguyen, Dominik Schrempf, Chris Bielow,
Olga Chernomor, Michael Woodhams, Diep Thi Hoang, Heiko Schmidt

Host:    Rain (AVX2, FMA3, 15 GB RAM)
Command: iqtree3 -s C:\Users\nickh\OneDrive\Desktop\phylo-tool\backend\iqtree_runs\75a8b550-9265-49b9-9569-de31ebb83dd8\matrix.nex -m MFP
Seed:    662389 (Using SPRNG - Scalable Parallel Random Number Generator)
Time:    Mon Apr 06 07:08:49 2026
Kernel:  AVX+FMA - 1 threads (12 CPU cores detected)

HINT: Use -nt option to specify number of threads because your CPU has 12 cores!
HINT: -nt AUTO will automatically determine the best number of threads to use.

Reading alignment file C:\Users\nickh\OneDrive\Desktop\phylo-tool\backend\iqtree_runs\75a8b550-9265-49b9-9569-de31ebb83dd8\matrix.nex ... Nexus format detected
Alignment has 7 sequences with 3 columns, 3 distinct patterns
3 parsimony-informative, 0 singleton sites, 0 constant sites
         Gap/Ambiguity  Composition  p-value
Analyzing sequences: done in 6.4e-005 secs
   1  Root       0.00%    passed     62.03%
   2  Taxon_1    0.00%    passed     50.89%
   3  Taxon_2    0.00%    passed     62.03%
   4  Taxon_3    0.00%    passed      9.86%
   5  Taxon_4    0.00%    passed      6.93%
   6  Taxon_5    0.00%    passed     50.89%
   7  Taxon_6    0.00%    passed     62.03%
****  TOTAL      0.00%  0 sequences failed composition chi2 test (p-value<5%; df=1)
Checking for duplicate sequences: done in 1.84e-005 secs

Creating fast initial parsimony tree by random order stepwise addition...
0.001 seconds, parsimony score: 6 (based on 3 sites)
Perform fast likelihood tree search using GTR2+ASC+G model...
Estimate model parameters (epsilon = 5.000)
Perform nearest neighbor interchange...
Estimate model parameters (epsilon = 1.000)
1. Initial log-likelihood: -12.430
Optimal log-likelihood: -12.372
State frequencies:  0: 0.540  1: 0.460
Gamma shape alpha: 0.179
Parameters optimization took 1 rounds (0.000 sec)
Time for fast ML tree search: 0.002 seconds

NOTE: ModelFinder requires 0 MB RAM!
ModelFinder will test up to 44 binary models (sample size: 3 epsilon: 0.100) ...
 No. Model         -LnL         df  AIC          AICc         BIC
  1  GTR2+FO       13.466       12  50.932       362.932      40.116
  2  GTR2+FO+ASC   12.875       12  49.749       361.749      38.933
  3  GTR2+FO+G4    13.133       13  52.267       416.267      40.549
  4  GTR2+FO+ASC+G4 12.224       13  50.449       414.449      38.730
  5  GTR2+FO+R2    12.647       14  53.294       473.294      40.674
  6  GTR2+FO+R3    12.502       16  57.004       601.004      42.582
 14  GTR2+FO+ASC+R2 12.153       14  52.305       472.305      39.686
 15  GTR2+FO+ASC+R3 12.149       16  56.298       600.298      41.876
 23  JC2+FQ        13.537       11  49.073       313.073      39.158
 24  JC2+FQ+ASC    13.205       11  48.411       312.411      38.495
 25  JC2+FQ+G4     13.171       12  50.343       362.343      39.526
 26  JC2+FQ+ASC+G4 12.239       12  48.478       360.478      37.661
 27  JC2+FQ+R2     12.609       13  51.217       415.217      39.499
 28  JC2+FQ+R3     12.565       15  55.130       535.130      41.609
 36  JC2+FQ+ASC+R2 12.110       13  50.220       414.220      38.502
 37  JC2+FQ+ASC+R3 11.954       15  53.908       533.908      40.387
Akaike Information Criterion:           JC2+FQ+ASC
Corrected Akaike Information Criterion: JC2+FQ+ASC
Bayesian Information Criterion:         JC2+FQ+ASC+G4
Best-fit model: JC2+FQ+ASC+G4 chosen according to BIC

All model information printed to C:\Users\nickh\OneDrive\Desktop\phylo-tool\backend\iqtree_runs\75a8b550-9265-49b9-9569-de31ebb83dd8\matrix.nex.model.gz
CPU time for ModelFinder: 0.000 seconds (0h:0m:0s)
Wall-clock time for ModelFinder: 0.027 seconds (0h:0m:0s)

NOTE: 0 MB RAM (0 GB) is required!
Estimate model parameters (epsilon = 0.100)
1. Initial log-likelihood: -12.301
2. Current log-likelihood: -12.082
Optimal log-likelihood: -12.072
State frequencies:  0: 0.500  1: 0.500
Gamma shape alpha: 0.065
Parameters optimization took 2 rounds (0.001 sec)
Wrote distance file to... 
Computing ML distances based on estimated model parameters...
Calculating distance matrix: done in 0.0001393 secs
Computing ML distances took 0.000200 sec (of wall-clock time) 0.000000 sec (of CPU time)
WARNING: Some pairwise ML distances are too long (saturated)
Setting up auxiliary I and S matrices: done in 3.8e-005 secs
Constructing RapidNJ tree: done in 3.03e-005 secs
Computing RapidNJ tree took 0.000143 sec (of wall-clock time) 0.000000 sec (of CPU time)
Log-likelihood of RapidNJ tree: -13.848
--------------------------------------------------------------------
|             INITIALIZING CANDIDATE TREE SET                      |
--------------------------------------------------------------------
Generating 98 parsimony trees... 0.017 second
Computing log-likelihood of 86 initial trees ... 0.011 seconds
Current best score: -12.072

Do NNI search on 20 best initial trees
Estimate model parameters (epsilon = 0.100)
BETTER TREE FOUND at iteration 1: -12.072
Iteration 10 / LogL: -12.580 / Time: 0h:0m:0s
Iteration 20 / LogL: -12.630 / Time: 0h:0m:0s
Finish initializing candidate tree set (17)
Current best tree score: -12.072 / CPU time: 0.041
Number of iterations: 20
--------------------------------------------------------------------
|               OPTIMIZING CANDIDATE TREE SET                      |
--------------------------------------------------------------------
WARNING: NNI search needs unusual large number of steps (7) to converge!
Iteration 30 / LogL: -12.580 / Time: 0h:0m:0s (0h:0m:0s left)
WARNING: NNI search needs unusual large number of steps (7) to converge!
Iteration 40 / LogL: -12.340 / Time: 0h:0m:0s (0h:0m:0s left)
Iteration 50 / LogL: -12.607 / Time: 0h:0m:0s (0h:0m:0s left)
WARNING: NNI search needs unusual large number of steps (7) to converge!
Iteration 60 / LogL: -12.340 / Time: 0h:0m:0s (0h:0m:0s left)
Iteration 70 / LogL: -12.340 / Time: 0h:0m:0s (0h:0m:0s left)
Iteration 80 / LogL: -12.321 / Time: 0h:0m:0s (0h:0m:0s left)
Iteration 90 / LogL: -12.618 / Time: 0h:0m:0s (0h:0m:0s left)
UPDATE BEST LOG-LIKELIHOOD: -12.072
Iteration 100 / LogL: -12.251 / Time: 0h:0m:0s (0h:0m:0s left)
TREE SEARCH COMPLETED AFTER 102 ITERATIONS / Time: 0h:0m:0s

--------------------------------------------------------------------
|                    FINALIZING TREE SEARCH                        |
--------------------------------------------------------------------
Performs final model parameters optimization
Estimate model parameters (epsilon = 0.010)
1. Initial log-likelihood: -12.072
Optimal log-likelihood: -12.072
State frequencies:  0: 0.500  1: 0.500
Gamma shape alpha: 0.065
Parameters optimization took 1 rounds (0.000 sec)
BEST SCORE FOUND : -12.072
Total tree length: 116.892

Total number of iterations: 102
CPU time used for tree search: 0.234 sec (0h:0m:0s)
Wall-clock time used for tree search: 0.145 sec (0h:0m:0s)
Total CPU time used: 0.234 sec (0h:0m:0s)
Total wall-clock time used: 0.190 sec (0h:0m:0s)

Analysis results written to: 
  IQ-TREE report:                C:\Users\nickh\OneDrive\Desktop\phylo-tool\backend\iqtree_runs\75a8b550-9265-49b9-9569-de31ebb83dd8\matrix.nex.iqtree
  Maximum-likelihood tree:       C:\Users\nickh\OneDrive\Desktop\phylo-tool\backend\iqtree_runs\75a8b550-9265-49b9-9569-de31ebb83dd8\matrix.nex.treefile
  Likelihood distances:          C:\Users\nickh\OneDrive\Desktop\phylo-tool\backend\iqtree_runs\75a8b550-9265-49b9-9569-de31ebb83dd8\matrix.nex.mldist
  Screen log file:               C:\Users\nickh\OneDrive\Desktop\phylo-tool\backend\iqtree_runs\75a8b550-9265-49b9-9569-de31ebb83dd8\matrix.nex.log

Date and Time: Mon Apr 06 07:08:49 2026
