IQ-TREE version 3.1.1 for Windows 64-bit built Apr  2 2026
Developed by Bui Quang Minh, Thomas Wong, Nhan Ly-Trong, Huaiyan Ren
Contributed by Lam-Tung Nguyen, Dominik Schrempf, Chris Bielow,
Olga Chernomor, Michael Woodhams, Diep Thi Hoang, Heiko Schmidt

Host:    Rain (AVX2, FMA3, 15 GB RAM)
Command: iqtree3 -s C:\Users\nickh\OneDrive\Desktop\phylo-tool\backend\iqtree_runs\2787d74e-b493-41cb-8253-0e781bec5315\matrix.nex -m MFP
Seed:    293926 (Using SPRNG - Scalable Parallel Random Number Generator)
Time:    Mon Apr 06 07:01:46 2026
Kernel:  AVX+FMA - 1 threads (12 CPU cores detected)

HINT: Use -nt option to specify number of threads because your CPU has 12 cores!
HINT: -nt AUTO will automatically determine the best number of threads to use.

Reading alignment file C:\Users\nickh\OneDrive\Desktop\phylo-tool\backend\iqtree_runs\2787d74e-b493-41cb-8253-0e781bec5315\matrix.nex ... Nexus format detected
Alignment has 6 sequences with 6 columns, 6 distinct patterns
5 parsimony-informative, 1 singleton sites, 0 constant sites
         Gap/Ambiguity  Composition  p-value
Analyzing sequences: done in 6.91e-005 secs
   1  Root       0.00%    passed     78.42%
   2  Taxon_1    0.00%    passed     58.39%
   3  Taxon_2    0.00%    passed     58.39%
   4  Taxon_3    0.00%    passed     58.39%
   5  Taxon_4    0.00%    passed     78.42%
   6  Taxon_5    0.00%    passed     27.33%
****  TOTAL      0.00%  0 sequences failed composition chi2 test (p-value<5%; df=1)
Checking for duplicate sequences: done in 2.3e-005 secs

Creating fast initial parsimony tree by random order stepwise addition...
0.001 seconds, parsimony score: 9 (based on 6 sites)
Perform fast likelihood tree search using GTR2+ASC+G model...
Estimate model parameters (epsilon = 5.000)
Perform nearest neighbor interchange...
Estimate model parameters (epsilon = 1.000)
1. Initial log-likelihood: -21.745
Optimal log-likelihood: -21.742
State frequencies:  0: 0.449  1: 0.551
Gamma shape alpha: 2.428
Parameters optimization took 1 rounds (0.000 sec)
Time for fast ML tree search: 0.001 seconds

NOTE: ModelFinder requires 0 MB RAM!
ModelFinder will test up to 44 binary models (sample size: 6 epsilon: 0.100) ...
 No. Model         -LnL         df  AIC          AICc         BIC
  1  GTR2+FO       22.621       10  65.243       285.243      63.160
  2  GTR2+FO+ASC   21.749       10  63.499       283.499      61.416
  3  GTR2+FO+G4    22.622       11  67.244       331.244      64.954
  4  GTR2+FO+ASC+G4 21.742       11  65.485       329.485      63.194
  5  GTR2+FO+R2    22.624       12  69.248       381.248      66.749
  6  GTR2+FO+R3    22.621       14  73.243       493.243      70.328
 14  GTR2+FO+ASC+R2 21.749       12  67.498       379.498      64.999
 15  GTR2+FO+ASC+R3 21.749       14  71.499       491.499      68.583
 23  JC2+FQ        22.635       9   63.269       243.269      61.395
 24  JC2+FQ+ASC    21.782       9   61.563       241.563      59.689
 25  JC2+FQ+G4     22.635       10  65.270       285.270      63.188
 26  JC2+FQ+ASC+G4 21.781       10  63.562       283.562      61.480
 27  JC2+FQ+R2     22.635       11  67.270       331.270      64.979
 28  JC2+FQ+R3     22.635       13  71.269       435.269      68.562
 36  JC2+FQ+ASC+R2 21.782       11  65.563       329.563      63.272
 37  JC2+FQ+ASC+R3 21.782       13  69.563       433.563      66.856
Akaike Information Criterion:           JC2+FQ+ASC
Corrected Akaike Information Criterion: JC2+FQ+ASC
Bayesian Information Criterion:         JC2+FQ+ASC
Best-fit model: JC2+FQ+ASC chosen according to BIC

All model information printed to C:\Users\nickh\OneDrive\Desktop\phylo-tool\backend\iqtree_runs\2787d74e-b493-41cb-8253-0e781bec5315\matrix.nex.model.gz
CPU time for ModelFinder: 0.016 seconds (0h:0m:0s)
Wall-clock time for ModelFinder: 0.021 seconds (0h:0m:0s)

NOTE: 0 MB RAM (0 GB) is required!
Estimate model parameters (epsilon = 0.100)
1. Initial log-likelihood: -21.782
Optimal log-likelihood: -21.782
State frequencies:  0: 0.500  1: 0.500
Parameters optimization took 1 rounds (0.000 sec)
Wrote distance file to... 
Computing ML distances based on estimated model parameters...
Calculating distance matrix: done in 4.45e-005 secs
Computing ML distances took 0.000117 sec (of wall-clock time) 0.000000 sec (of CPU time)
WARNING: Some pairwise ML distances are too long (saturated)
Setting up auxiliary I and S matrices: done in 4.45e-005 secs
Constructing RapidNJ tree: done in 3.04e-005 secs
Computing RapidNJ tree took 0.000153 sec (of wall-clock time) 0.000000 sec (of CPU time)
Log-likelihood of RapidNJ tree: -21.924
--------------------------------------------------------------------
|             INITIALIZING CANDIDATE TREE SET                      |
--------------------------------------------------------------------
Generating 98 parsimony trees... 0.019 second
Computing log-likelihood of 21 initial trees ... 0.002 seconds
Current best score: -21.782

Do NNI search on 20 best initial trees
Estimate model parameters (epsilon = 0.100)
BETTER TREE FOUND at iteration 1: -21.782
Iteration 10 / LogL: -21.867 / Time: 0h:0m:0s
WARNING: NNI search needs unusual large number of steps (6) to converge!
Iteration 20 / LogL: -21.867 / Time: 0h:0m:0s
Finish initializing candidate tree set (9)
Current best tree score: -21.782 / CPU time: 0.032
Number of iterations: 20
--------------------------------------------------------------------
|               OPTIMIZING CANDIDATE TREE SET                      |
--------------------------------------------------------------------
Iteration 30 / LogL: -21.782 / Time: 0h:0m:0s (0h:0m:0s left)
Iteration 40 / LogL: -21.867 / Time: 0h:0m:0s (0h:0m:0s left)
Iteration 50 / LogL: -21.867 / Time: 0h:0m:0s (0h:0m:0s left)
Iteration 60 / LogL: -21.782 / Time: 0h:0m:0s (0h:0m:0s left)
UPDATE BEST LOG-LIKELIHOOD: -21.782
Iteration 70 / LogL: -21.782 / Time: 0h:0m:0s (0h:0m:0s left)
UPDATE BEST LOG-LIKELIHOOD: -21.782
UPDATE BEST LOG-LIKELIHOOD: -21.782
Iteration 80 / LogL: -21.782 / Time: 0h:0m:0s (0h:0m:0s left)
Iteration 90 / LogL: -21.867 / Time: 0h:0m:0s (0h:0m:0s left)
Iteration 100 / LogL: -21.867 / Time: 0h:0m:0s (0h:0m:0s left)
TREE SEARCH COMPLETED AFTER 102 ITERATIONS / Time: 0h:0m:0s

--------------------------------------------------------------------
|                    FINALIZING TREE SEARCH                        |
--------------------------------------------------------------------
Performs final model parameters optimization
Estimate model parameters (epsilon = 0.010)
1. Initial log-likelihood: -21.782
Optimal log-likelihood: -21.782
State frequencies:  0: 0.500  1: 0.500
Parameters optimization took 1 rounds (0.000 sec)
BEST SCORE FOUND : -21.782
Total tree length: 2.504

Total number of iterations: 102
CPU time used for tree search: 0.125 sec (0h:0m:0s)
Wall-clock time used for tree search: 0.083 sec (0h:0m:0s)
Total CPU time used: 0.141 sec (0h:0m:0s)
Total wall-clock time used: 0.122 sec (0h:0m:0s)

Analysis results written to: 
  IQ-TREE report:                C:\Users\nickh\OneDrive\Desktop\phylo-tool\backend\iqtree_runs\2787d74e-b493-41cb-8253-0e781bec5315\matrix.nex.iqtree
  Maximum-likelihood tree:       C:\Users\nickh\OneDrive\Desktop\phylo-tool\backend\iqtree_runs\2787d74e-b493-41cb-8253-0e781bec5315\matrix.nex.treefile
  Likelihood distances:          C:\Users\nickh\OneDrive\Desktop\phylo-tool\backend\iqtree_runs\2787d74e-b493-41cb-8253-0e781bec5315\matrix.nex.mldist
  Screen log file:               C:\Users\nickh\OneDrive\Desktop\phylo-tool\backend\iqtree_runs\2787d74e-b493-41cb-8253-0e781bec5315\matrix.nex.log

Date and Time: Mon Apr 06 07:01:46 2026
