IQ-TREE version 3.1.1 for Windows 64-bit built Apr  2 2026
Developed by Bui Quang Minh, Thomas Wong, Nhan Ly-Trong, Huaiyan Ren
Contributed by Lam-Tung Nguyen, Dominik Schrempf, Chris Bielow,
Olga Chernomor, Michael Woodhams, Diep Thi Hoang, Heiko Schmidt

Host:    Rain (AVX2, FMA3, 15 GB RAM)
Command: iqtree3 -s C:\Users\nickh\OneDrive\Desktop\phylo-tool\backend\iqtree_runs\86c15fad-c698-45f1-bad5-eca1280258ad\matrix.nex -m MFP
Seed:    477990 (Using SPRNG - Scalable Parallel Random Number Generator)
Time:    Mon Apr 06 07:00:30 2026
Kernel:  AVX+FMA - 1 threads (12 CPU cores detected)

HINT: Use -nt option to specify number of threads because your CPU has 12 cores!
HINT: -nt AUTO will automatically determine the best number of threads to use.

Reading alignment file C:\Users\nickh\OneDrive\Desktop\phylo-tool\backend\iqtree_runs\86c15fad-c698-45f1-bad5-eca1280258ad\matrix.nex ... Nexus format detected
Alignment has 6 sequences with 6 columns, 6 distinct patterns
6 parsimony-informative, 0 singleton sites, 0 constant sites
         Gap/Ambiguity  Composition  p-value
Analyzing sequences: done in 7.39e-005 secs
   1  Root       0.00%    passed     34.01%
   2  Taxon_1    0.00%    passed     49.56%
   3  Taxon_2    0.00%    passed     49.56%
   4  Taxon_3    0.00%    passed     49.56%
   5  Taxon_4    0.00%    passed     89.16%
   6  Taxon_5    0.00%    passed     34.01%
****  TOTAL      0.00%  0 sequences failed composition chi2 test (p-value<5%; df=1)
Checking for duplicate sequences: done in 2.23e-005 secs

Creating fast initial parsimony tree by random order stepwise addition...
0.001 seconds, parsimony score: 11 (based on 6 sites)
Perform fast likelihood tree search using GTR2+ASC+G model...
Estimate model parameters (epsilon = 5.000)
Perform nearest neighbor interchange...
Estimate model parameters (epsilon = 1.000)
1. Initial log-likelihood: -23.171
Optimal log-likelihood: -23.155
State frequencies:  0: 0.491  1: 0.509
Gamma shape alpha: 998.432
Parameters optimization took 1 rounds (0.000 sec)
Time for fast ML tree search: 0.002 seconds

NOTE: ModelFinder requires 0 MB RAM!
ModelFinder will test up to 44 binary models (sample size: 6 epsilon: 0.100) ...
 No. Model         -LnL         df  AIC          AICc         BIC
  1  GTR2+FO       23.744       10  67.488       287.488      65.406
  2  GTR2+FO+ASC   23.154       10  66.307       286.307      64.225
  3  GTR2+FO+G4    23.745       11  69.490       333.490      67.199
  4  GTR2+FO+ASC+G4 23.155       11  68.309       332.309      66.019
  5  GTR2+FO+R2    23.744       12  71.489       383.489      68.990
  6  GTR2+FO+R3    23.744       14  75.488       495.488      72.573
 14  GTR2+FO+ASC+R2 23.154       12  70.307       382.307      67.809
 15  GTR2+FO+ASC+R3 23.154       14  74.307       494.307      71.392
 23  JC2+FQ        23.750       9   65.501       245.501      63.627
 24  JC2+FQ+ASC    23.154       9   64.309       244.309      62.435
 25  JC2+FQ+G4     23.751       10  67.502       287.502      65.420
 26  JC2+FQ+ASC+G4 23.155       10  66.311       286.311      64.228
 27  JC2+FQ+R2     23.751       11  69.501       333.501      67.210
 28  JC2+FQ+R3     23.750       13  73.501       437.501      70.794
 36  JC2+FQ+ASC+R2 23.154       11  68.309       332.309      66.018
 37  JC2+FQ+ASC+R3 23.154       13  72.309       436.309      69.602
Akaike Information Criterion:           JC2+FQ+ASC
Corrected Akaike Information Criterion: JC2+FQ+ASC
Bayesian Information Criterion:         JC2+FQ+ASC
Best-fit model: JC2+FQ+ASC chosen according to BIC

All model information printed to C:\Users\nickh\OneDrive\Desktop\phylo-tool\backend\iqtree_runs\86c15fad-c698-45f1-bad5-eca1280258ad\matrix.nex.model.gz
CPU time for ModelFinder: 0.016 seconds (0h:0m:0s)
Wall-clock time for ModelFinder: 0.018 seconds (0h:0m:0s)

NOTE: 0 MB RAM (0 GB) is required!
Estimate model parameters (epsilon = 0.100)
1. Initial log-likelihood: -23.154
Optimal log-likelihood: -23.154
State frequencies:  0: 0.500  1: 0.500
Parameters optimization took 1 rounds (0.000 sec)
Wrote distance file to... 
Computing ML distances based on estimated model parameters...
Calculating distance matrix: done in 4.12e-005 secs
Computing ML distances took 0.000099 sec (of wall-clock time) 0.000000 sec (of CPU time)
WARNING: Some pairwise ML distances are too long (saturated)
Setting up auxiliary I and S matrices: done in 3.66e-005 secs
Constructing RapidNJ tree: done in 2.9e-005 secs
Computing RapidNJ tree took 0.000135 sec (of wall-clock time) 0.000000 sec (of CPU time)
Log-likelihood of RapidNJ tree: -23.189
--------------------------------------------------------------------
|             INITIALIZING CANDIDATE TREE SET                      |
--------------------------------------------------------------------
Generating 98 parsimony trees... 0.018 second
Computing log-likelihood of 30 initial trees ... 0.003 seconds
Current best score: -23.115

Do NNI search on 20 best initial trees
Estimate model parameters (epsilon = 0.100)
BETTER TREE FOUND at iteration 1: -23.104
WARNING: NNI search needs unusual large number of steps (6) to converge!
Iteration 10 / LogL: -23.154 / Time: 0h:0m:0s
Iteration 20 / LogL: -23.674 / Time: 0h:0m:0s
Finish initializing candidate tree set (11)
Current best tree score: -23.104 / CPU time: 0.031
Number of iterations: 20
--------------------------------------------------------------------
|               OPTIMIZING CANDIDATE TREE SET                      |
--------------------------------------------------------------------
Iteration 30 / LogL: -23.137 / Time: 0h:0m:0s (0h:0m:0s left)
UPDATE BEST LOG-LIKELIHOOD: -23.101
Iteration 40 / LogL: -23.142 / Time: 0h:0m:0s (0h:0m:0s left)
UPDATE BEST LOG-LIKELIHOOD: -23.094
UPDATE BEST LOG-LIKELIHOOD: -23.089
Iteration 50 / LogL: -23.137 / Time: 0h:0m:0s (0h:0m:0s left)
Iteration 60 / LogL: -23.138 / Time: 0h:0m:0s (0h:0m:0s left)
UPDATE BEST LOG-LIKELIHOOD: -23.087
Iteration 70 / LogL: -23.087 / Time: 0h:0m:0s (0h:0m:0s left)
UPDATE BEST LOG-LIKELIHOOD: -23.085
Iteration 80 / LogL: -23.154 / Time: 0h:0m:0s (0h:0m:0s left)
Iteration 90 / LogL: -23.137 / Time: 0h:0m:0s (0h:0m:0s left)
UPDATE BEST LOG-LIKELIHOOD: -23.084
UPDATE BEST LOG-LIKELIHOOD: -23.084
Iteration 100 / LogL: -23.137 / Time: 0h:0m:0s (0h:0m:0s left)
UPDATE BEST LOG-LIKELIHOOD: -23.084
TREE SEARCH COMPLETED AFTER 102 ITERATIONS / Time: 0h:0m:0s

--------------------------------------------------------------------
|                    FINALIZING TREE SEARCH                        |
--------------------------------------------------------------------
Performs final model parameters optimization
Estimate model parameters (epsilon = 0.010)
1. Initial log-likelihood: -23.084
Optimal log-likelihood: -23.083
State frequencies:  0: 0.500  1: 0.500
Parameters optimization took 1 rounds (0.000 sec)
BEST SCORE FOUND : -23.083
Total tree length: 2.839

Total number of iterations: 102
CPU time used for tree search: 0.172 sec (0h:0m:0s)
Wall-clock time used for tree search: 0.096 sec (0h:0m:0s)
Total CPU time used: 0.188 sec (0h:0m:0s)
Total wall-clock time used: 0.131 sec (0h:0m:0s)

Analysis results written to: 
  IQ-TREE report:                C:\Users\nickh\OneDrive\Desktop\phylo-tool\backend\iqtree_runs\86c15fad-c698-45f1-bad5-eca1280258ad\matrix.nex.iqtree
  Maximum-likelihood tree:       C:\Users\nickh\OneDrive\Desktop\phylo-tool\backend\iqtree_runs\86c15fad-c698-45f1-bad5-eca1280258ad\matrix.nex.treefile
  Likelihood distances:          C:\Users\nickh\OneDrive\Desktop\phylo-tool\backend\iqtree_runs\86c15fad-c698-45f1-bad5-eca1280258ad\matrix.nex.mldist
  Screen log file:               C:\Users\nickh\OneDrive\Desktop\phylo-tool\backend\iqtree_runs\86c15fad-c698-45f1-bad5-eca1280258ad\matrix.nex.log

Date and Time: Mon Apr 06 07:00:30 2026
