IQ-TREE version 3.1.1 for Windows 64-bit built Apr  2 2026
Developed by Bui Quang Minh, Thomas Wong, Nhan Ly-Trong, Huaiyan Ren
Contributed by Lam-Tung Nguyen, Dominik Schrempf, Chris Bielow,
Olga Chernomor, Michael Woodhams, Diep Thi Hoang, Heiko Schmidt

Host:    Rain (AVX2, FMA3, 15 GB RAM)
Command: iqtree3 -s C:\Users\nickh\OneDrive\Desktop\phylo-tool\backend\iqtree_runs\136d3a18-6d31-40ce-bbaf-777aa6d9a1ca\matrix.nex -m MFP
Seed:    783755 (Using SPRNG - Scalable Parallel Random Number Generator)
Time:    Mon Apr 06 05:14:47 2026
Kernel:  AVX+FMA - 1 threads (12 CPU cores detected)

HINT: Use -nt option to specify number of threads because your CPU has 12 cores!
HINT: -nt AUTO will automatically determine the best number of threads to use.

Reading alignment file C:\Users\nickh\OneDrive\Desktop\phylo-tool\backend\iqtree_runs\136d3a18-6d31-40ce-bbaf-777aa6d9a1ca\matrix.nex ... Nexus format detected
Alignment has 4 sequences with 4 columns, 4 distinct patterns
1 parsimony-informative, 2 singleton sites, 1 constant sites
         Gap/Ambiguity  Composition  p-value
Analyzing sequences: done in 5.86e-005 secs
   1  Root       0.00%    passed     60.56%
   2  Taxon_1    0.00%    passed     60.56%
   3  Taxon_2    0.00%    passed     60.56%
   4  Taxon_3    0.00%    passed     60.56%
****  TOTAL      0.00%  0 sequences failed composition chi2 test (p-value<5%; df=1)
NOTE: Taxon_3 is identical to Taxon_1 but kept for subsequent analysis
Checking for duplicate sequences: done in 2.9e-005 secs

Creating fast initial parsimony tree by random order stepwise addition...
0.001 seconds, parsimony score: 3 (based on 3 sites)
Perform fast likelihood tree search using GTR2+I+G model...
Estimate model parameters (epsilon = 5.000)
Perform nearest neighbor interchange...
Estimate model parameters (epsilon = 1.000)
1. Initial log-likelihood: -7.309
Optimal log-likelihood: -7.238
State frequencies:  0: 0.674  1: 0.326
Proportion of invariable sites: 0.023
Gamma shape alpha: 1.636
Parameters optimization took 1 rounds (0.000 sec)
Time for fast ML tree search: 0.001 seconds

NOTE: ModelFinder requires 0 MB RAM!
ModelFinder will test up to 44 binary models (sample size: 4 epsilon: 0.100) ...
 No. Model         -LnL         df  AIC          AICc         BIC
  1  GTR2+FO       7.185        6   26.371       110.371      22.689
  2  GTR2+FO+I     7.185        7   28.371       140.371      24.075
  3  GTR2+FO+G4    7.187        7   28.375       140.375      24.079
  4  GTR2+FO+I+G4  7.208        8   30.417       174.417      25.507
  5  GTR2+FO+R2    7.185        8   30.371       174.371      25.461
  6  GTR2+FO+R3    7.185        10  34.371       254.371      28.234
 14  GTR2+FO+I+R2  7.195        9   32.391       212.391      26.868
 15  GTR2+FO+I+R3  7.186        11  36.373       300.373      29.622
 23  JC2+FQ        7.795        5   25.589       85.589       22.521
 24  JC2+FQ+I      7.795        6   27.589       111.589      23.907
 25  JC2+FQ+G4     7.795        6   27.590       111.590      23.908
 26  JC2+FQ+I+G4   7.804        7   29.607       141.607      25.311
 27  JC2+FQ+R2     7.795        7   29.589       141.589      25.293
 28  JC2+FQ+R3     7.795        9   33.589       213.589      28.066
 36  JC2+FQ+I+R2   7.797        8   31.594       175.594      26.685
 37  JC2+FQ+I+R3   7.795        10  35.589       255.589      29.452
Akaike Information Criterion:           JC2+FQ
Corrected Akaike Information Criterion: JC2+FQ
Bayesian Information Criterion:         JC2+FQ
Best-fit model: JC2+FQ chosen according to BIC

All model information printed to C:\Users\nickh\OneDrive\Desktop\phylo-tool\backend\iqtree_runs\136d3a18-6d31-40ce-bbaf-777aa6d9a1ca\matrix.nex.model.gz
CPU time for ModelFinder: 0.016 seconds (0h:0m:0s)
Wall-clock time for ModelFinder: 0.018 seconds (0h:0m:0s)

NOTE: 0 MB RAM (0 GB) is required!
Estimate model parameters (epsilon = 0.100)
1. Initial log-likelihood: -7.797
Optimal log-likelihood: -7.795
State frequencies:  0: 0.500  1: 0.500
Parameters optimization took 1 rounds (0.000 sec)
Wrote distance file to... 
Computing ML distances based on estimated model parameters...
Calculating distance matrix: done in 3.88e-005 secs
Computing ML distances took 0.000091 sec (of wall-clock time) 0.000000 sec (of CPU time)
WARNING: Some pairwise ML distances are too long (saturated)
Setting up auxiliary I and S matrices: done in 3.52e-005 secs
Constructing RapidNJ tree: done in 2.35e-005 secs
Computing RapidNJ tree took 0.000126 sec (of wall-clock time) 0.000000 sec (of CPU time)
Log-likelihood of RapidNJ tree: -7.795
--------------------------------------------------------------------
|             INITIALIZING CANDIDATE TREE SET                      |
--------------------------------------------------------------------
Generating 99 parsimony trees... 0.011 second
Computing log-likelihood of 2 initial trees ... 0.000 seconds
Current best score: -7.795

Do NNI search on 3 best initial trees
UPDATE BEST LOG-LIKELIHOOD: -7.795
Finish initializing candidate tree set (3)
Current best tree score: -7.795 / CPU time: 0.012
Number of iterations: 3
--------------------------------------------------------------------
|               OPTIMIZING CANDIDATE TREE SET                      |
--------------------------------------------------------------------
Iteration 10 / LogL: -7.795 / Time: 0h:0m:0s
Iteration 20 / LogL: -7.795 / Time: 0h:0m:0s
Iteration 30 / LogL: -7.795 / Time: 0h:0m:0s (0h:0m:0s left)
Iteration 40 / LogL: -7.795 / Time: 0h:0m:0s (0h:0m:0s left)
Iteration 50 / LogL: -7.795 / Time: 0h:0m:0s (0h:0m:0s left)
Iteration 60 / LogL: -7.795 / Time: 0h:0m:0s (0h:0m:0s left)
Iteration 70 / LogL: -7.795 / Time: 0h:0m:0s (0h:0m:0s left)
Iteration 80 / LogL: -7.795 / Time: 0h:0m:0s (0h:0m:0s left)
Iteration 90 / LogL: -7.795 / Time: 0h:0m:0s (0h:0m:0s left)
Iteration 100 / LogL: -7.795 / Time: 0h:0m:0s (0h:0m:0s left)
TREE SEARCH COMPLETED AFTER 101 ITERATIONS / Time: 0h:0m:0s

--------------------------------------------------------------------
|                    FINALIZING TREE SEARCH                        |
--------------------------------------------------------------------
Performs final model parameters optimization
Estimate model parameters (epsilon = 0.010)
1. Initial log-likelihood: -7.795
Optimal log-likelihood: -7.795
State frequencies:  0: 0.500  1: 0.500
Parameters optimization took 1 rounds (0.000 sec)
BEST SCORE FOUND : -7.795
Total tree length: 10.347

Total number of iterations: 101
CPU time used for tree search: 0.031 sec (0h:0m:0s)
Wall-clock time used for tree search: 0.025 sec (0h:0m:0s)
Total CPU time used: 0.062 sec (0h:0m:0s)
Total wall-clock time used: 0.053 sec (0h:0m:0s)

Analysis results written to: 
  IQ-TREE report:                C:\Users\nickh\OneDrive\Desktop\phylo-tool\backend\iqtree_runs\136d3a18-6d31-40ce-bbaf-777aa6d9a1ca\matrix.nex.iqtree
  Maximum-likelihood tree:       C:\Users\nickh\OneDrive\Desktop\phylo-tool\backend\iqtree_runs\136d3a18-6d31-40ce-bbaf-777aa6d9a1ca\matrix.nex.treefile
  Likelihood distances:          C:\Users\nickh\OneDrive\Desktop\phylo-tool\backend\iqtree_runs\136d3a18-6d31-40ce-bbaf-777aa6d9a1ca\matrix.nex.mldist
  Screen log file:               C:\Users\nickh\OneDrive\Desktop\phylo-tool\backend\iqtree_runs\136d3a18-6d31-40ce-bbaf-777aa6d9a1ca\matrix.nex.log

Date and Time: Mon Apr 06 05:14:47 2026
