IQ-TREE version 3.1.1 for Windows 64-bit built Apr  2 2026
Developed by Bui Quang Minh, Thomas Wong, Nhan Ly-Trong, Huaiyan Ren
Contributed by Lam-Tung Nguyen, Dominik Schrempf, Chris Bielow,
Olga Chernomor, Michael Woodhams, Diep Thi Hoang, Heiko Schmidt

Host:    Rain (AVX2, FMA3, 15 GB RAM)
Command: iqtree3 -s C:\Users\nickh\OneDrive\Desktop\phylo-tool\backend\iqtree_runs\63d0d4eb-a877-470a-9793-eae332406b39\matrix.nex -m MFP
Seed:    231903 (Using SPRNG - Scalable Parallel Random Number Generator)
Time:    Mon Apr 06 06:57:34 2026
Kernel:  AVX+FMA - 1 threads (12 CPU cores detected)

HINT: Use -nt option to specify number of threads because your CPU has 12 cores!
HINT: -nt AUTO will automatically determine the best number of threads to use.

Reading alignment file C:\Users\nickh\OneDrive\Desktop\phylo-tool\backend\iqtree_runs\63d0d4eb-a877-470a-9793-eae332406b39\matrix.nex ... Nexus format detected
Alignment has 7 sequences with 6 columns, 6 distinct patterns
6 parsimony-informative, 0 singleton sites, 0 constant sites
         Gap/Ambiguity  Composition  p-value
Analyzing sequences: done in 8.99e-005 secs
   1  Root       0.00%    passed     81.47%
   2  Taxon_1    0.00%    passed     55.80%
   3  Taxon_2    0.00%    passed      6.08%
   4  Taxon_3    0.00%    passed     81.47%
   5  Taxon_4    0.00%    passed     81.47%
   6  Taxon_5    0.00%    passed     15.97%
   7  Taxon_6    0.00%    passed     55.80%
****  TOTAL      0.00%  0 sequences failed composition chi2 test (p-value<5%; df=1)
Checking for duplicate sequences: done in 1.82e-005 secs

Creating fast initial parsimony tree by random order stepwise addition...
0.001 seconds, parsimony score: 10 (based on 6 sites)
Perform fast likelihood tree search using GTR2+ASC+G model...
Estimate model parameters (epsilon = 5.000)
Perform nearest neighbor interchange...
Estimate model parameters (epsilon = 1.000)
1. Initial log-likelihood: -25.700
Optimal log-likelihood: -25.657
State frequencies:  0: 0.443  1: 0.557
Gamma shape alpha: 0.539
Parameters optimization took 1 rounds (0.000 sec)
Time for fast ML tree search: 0.002 seconds

NOTE: ModelFinder requires 0 MB RAM!
ModelFinder will test up to 44 binary models (sample size: 6 epsilon: 0.100) ...
 No. Model         -LnL         df  AIC          AICc         BIC
  1  GTR2+FO       26.434       12  76.868       388.868      74.369
  2  GTR2+FO+ASC   25.908       12  75.816       387.816      73.317
  3  GTR2+FO+G4    26.357       13  78.715       442.715      76.008
  4  GTR2+FO+ASC+G4 25.651       13  77.302       441.302      74.595
  5  GTR2+FO+R2    26.177       14  80.354       500.354      77.439
  6  GTR2+FO+R3    26.200       16  84.400       628.400      81.068
 14  GTR2+FO+ASC+R2 25.528       14  79.056       499.056      76.140
 15  GTR2+FO+ASC+R3 25.550       16  83.100       627.100      79.769
 23  JC2+FQ        26.455       11  74.910       338.910      72.619
 24  JC2+FQ+ASC    25.992       11  73.983       337.983      71.693
 25  JC2+FQ+G4     26.471       12  76.941       388.941      74.443
 26  JC2+FQ+ASC+G4 25.772       12  75.545       387.545      73.046
 27  JC2+FQ+R2     26.334       13  78.667       442.667      75.960
 28  JC2+FQ+R3     26.326       15  82.653       562.653      79.529
 36  JC2+FQ+ASC+R2 25.732       13  77.463       441.463      74.756
 37  JC2+FQ+ASC+R3 25.430       15  80.860       560.860      77.736
Akaike Information Criterion:           JC2+FQ+ASC
Corrected Akaike Information Criterion: JC2+FQ+ASC
Bayesian Information Criterion:         JC2+FQ+ASC
Best-fit model: JC2+FQ+ASC chosen according to BIC

All model information printed to C:\Users\nickh\OneDrive\Desktop\phylo-tool\backend\iqtree_runs\63d0d4eb-a877-470a-9793-eae332406b39\matrix.nex.model.gz
CPU time for ModelFinder: 0.016 seconds (0h:0m:0s)
Wall-clock time for ModelFinder: 0.022 seconds (0h:0m:0s)

NOTE: 0 MB RAM (0 GB) is required!
Estimate model parameters (epsilon = 0.100)
1. Initial log-likelihood: -26.020
Optimal log-likelihood: -25.958
State frequencies:  0: 0.500  1: 0.500
Parameters optimization took 1 rounds (0.000 sec)
Wrote distance file to... 
Computing ML distances based on estimated model parameters...
Calculating distance matrix: done in 4.05e-005 secs
Computing ML distances took 0.000097 sec (of wall-clock time) 0.000000 sec (of CPU time)
WARNING: Some pairwise ML distances are too long (saturated)
Setting up auxiliary I and S matrices: done in 4.11e-005 secs
Constructing RapidNJ tree: done in 3.13e-005 secs
Computing RapidNJ tree took 0.000136 sec (of wall-clock time) 0.000000 sec (of CPU time)
Log-likelihood of RapidNJ tree: -25.450
--------------------------------------------------------------------
|             INITIALIZING CANDIDATE TREE SET                      |
--------------------------------------------------------------------
Generating 98 parsimony trees... 0.022 second
Computing log-likelihood of 69 initial trees ... 0.009 seconds
Current best score: -25.378

Do NNI search on 20 best initial trees
Estimate model parameters (epsilon = 0.100)
BETTER TREE FOUND at iteration 1: -25.361
Iteration 10 / LogL: -25.958 / Time: 0h:0m:0s
Iteration 20 / LogL: -25.958 / Time: 0h:0m:0s
Finish initializing candidate tree set (11)
Current best tree score: -25.361 / CPU time: 0.044
Number of iterations: 20
--------------------------------------------------------------------
|               OPTIMIZING CANDIDATE TREE SET                      |
--------------------------------------------------------------------
UPDATE BEST LOG-LIKELIHOOD: -25.361
Iteration 30 / LogL: -25.992 / Time: 0h:0m:0s (0h:0m:0s left)
Iteration 40 / LogL: -25.939 / Time: 0h:0m:0s (0h:0m:0s left)
Iteration 50 / LogL: -25.384 / Time: 0h:0m:0s (0h:0m:0s left)
Iteration 60 / LogL: -25.992 / Time: 0h:0m:0s (0h:0m:0s left)
UPDATE BEST LOG-LIKELIHOOD: -25.360
Iteration 70 / LogL: -25.450 / Time: 0h:0m:0s (0h:0m:0s left)
Iteration 80 / LogL: -25.450 / Time: 0h:0m:0s (0h:0m:0s left)
Iteration 90 / LogL: -25.450 / Time: 0h:0m:0s (0h:0m:0s left)
Iteration 100 / LogL: -25.958 / Time: 0h:0m:0s (0h:0m:0s left)
TREE SEARCH COMPLETED AFTER 102 ITERATIONS / Time: 0h:0m:0s

--------------------------------------------------------------------
|                    FINALIZING TREE SEARCH                        |
--------------------------------------------------------------------
Performs final model parameters optimization
Estimate model parameters (epsilon = 0.010)
1. Initial log-likelihood: -25.360
Optimal log-likelihood: -25.360
State frequencies:  0: 0.500  1: 0.500
Parameters optimization took 1 rounds (0.000 sec)
BEST SCORE FOUND : -25.360
Total tree length: 2.332

Total number of iterations: 102
CPU time used for tree search: 0.203 sec (0h:0m:0s)
Wall-clock time used for tree search: 0.121 sec (0h:0m:0s)
Total CPU time used: 0.250 sec (0h:0m:0s)
Total wall-clock time used: 0.161 sec (0h:0m:0s)

Analysis results written to: 
  IQ-TREE report:                C:\Users\nickh\OneDrive\Desktop\phylo-tool\backend\iqtree_runs\63d0d4eb-a877-470a-9793-eae332406b39\matrix.nex.iqtree
  Maximum-likelihood tree:       C:\Users\nickh\OneDrive\Desktop\phylo-tool\backend\iqtree_runs\63d0d4eb-a877-470a-9793-eae332406b39\matrix.nex.treefile
  Likelihood distances:          C:\Users\nickh\OneDrive\Desktop\phylo-tool\backend\iqtree_runs\63d0d4eb-a877-470a-9793-eae332406b39\matrix.nex.mldist
  Screen log file:               C:\Users\nickh\OneDrive\Desktop\phylo-tool\backend\iqtree_runs\63d0d4eb-a877-470a-9793-eae332406b39\matrix.nex.log

Date and Time: Mon Apr 06 06:57:34 2026
