IQ-TREE version 3.1.1 for Windows 64-bit built Apr  2 2026
Developed by Bui Quang Minh, Thomas Wong, Nhan Ly-Trong, Huaiyan Ren
Contributed by Lam-Tung Nguyen, Dominik Schrempf, Chris Bielow,
Olga Chernomor, Michael Woodhams, Diep Thi Hoang, Heiko Schmidt

Host:    Rain (AVX2, FMA3, 15 GB RAM)
Command: iqtree3 -s C:\Users\nickh\OneDrive\Desktop\phylo-tool\backend\iqtree_runs\868c061c-e55e-4b08-9d26-96c0c0f21c1a\matrix.nex -m MFP
Seed:    628536 (Using SPRNG - Scalable Parallel Random Number Generator)
Time:    Mon Apr 06 07:23:29 2026
Kernel:  AVX+FMA - 1 threads (12 CPU cores detected)

HINT: Use -nt option to specify number of threads because your CPU has 12 cores!
HINT: -nt AUTO will automatically determine the best number of threads to use.

Reading alignment file C:\Users\nickh\OneDrive\Desktop\phylo-tool\backend\iqtree_runs\868c061c-e55e-4b08-9d26-96c0c0f21c1a\matrix.nex ... Nexus format detected
Alignment has 6 sequences with 3 columns, 3 distinct patterns
3 parsimony-informative, 0 singleton sites, 0 constant sites
         Gap/Ambiguity  Composition  p-value
Analyzing sequences: done in 6.63e-005 secs
   1  Root       0.00%    passed     69.85%
   2  Taxon_1    0.00%    passed     43.86%
   3  Taxon_2    0.00%    passed     12.13%
   4  Taxon_3    0.00%    passed     69.85%
   5  Taxon_4    0.00%    passed      5.28%
   6  Taxon_5    0.00%    passed     69.85%
****  TOTAL      0.00%  0 sequences failed composition chi2 test (p-value<5%; df=1)
Checking for duplicate sequences: done in 1.79e-005 secs

Creating fast initial parsimony tree by random order stepwise addition...
0.002 seconds, parsimony score: 6 (based on 3 sites)
Perform fast likelihood tree search using GTR2+ASC+G model...
Estimate model parameters (epsilon = 5.000)
Perform nearest neighbor interchange...
Estimate model parameters (epsilon = 1.000)
1. Initial log-likelihood: -10.954
Optimal log-likelihood: -10.951
State frequencies:  0: 0.464  1: 0.536
Gamma shape alpha: 0.078
Parameters optimization took 1 rounds (0.000 sec)
Time for fast ML tree search: 0.002 seconds

NOTE: ModelFinder requires 0 MB RAM!
ModelFinder will test up to 44 binary models (sample size: 3 epsilon: 0.100) ...
 No. Model         -LnL         df  AIC          AICc         BIC
  1  GTR2+FO       11.797       10  43.594       263.594      34.580
  2  GTR2+FO+ASC   11.431       10  42.862       262.862      33.848
  3  GTR2+FO+G4    11.816       11  45.631       309.631      35.716
  4  GTR2+FO+ASC+G4 11.186       11  44.372       308.372      34.457
  5  GTR2+FO+R2    11.859       12  47.717       359.717      36.901
  6  GTR2+FO+R3    11.798       14  51.596       471.596      38.977
 14  GTR2+FO+ASC+R2 11.037       12  46.074       358.074      35.257
+R3 reinitialized from +R2 with factor 0.500
 15  GTR2+FO+ASC+R3 11.041       14  50.082       470.082      37.462
 23  JC2+FQ        11.797       9   41.594       221.594      33.482
 24  JC2+FQ+ASC    11.443       9   40.885       220.885      32.773
 25  JC2+FQ+G4     11.822       10  43.643       263.643      34.630
 26  JC2+FQ+ASC+G4 11.186       10  42.372       262.372      33.358
 27  JC2+FQ+R2     11.630       11  45.261       309.261      35.346
 28  JC2+FQ+R3     11.619       13  49.239       413.239      37.521
 36  JC2+FQ+ASC+R2 11.212       11  44.425       308.425      34.510
 37  JC2+FQ+ASC+R3 11.065       13  48.131       412.131      36.412
Akaike Information Criterion:           JC2+FQ+ASC
Corrected Akaike Information Criterion: JC2+FQ+ASC
Bayesian Information Criterion:         JC2+FQ+ASC
Best-fit model: JC2+FQ+ASC chosen according to BIC

All model information printed to C:\Users\nickh\OneDrive\Desktop\phylo-tool\backend\iqtree_runs\868c061c-e55e-4b08-9d26-96c0c0f21c1a\matrix.nex.model.gz
CPU time for ModelFinder: 0.016 seconds (0h:0m:0s)
Wall-clock time for ModelFinder: 0.025 seconds (0h:0m:0s)

NOTE: 0 MB RAM (0 GB) is required!
Estimate model parameters (epsilon = 0.100)
1. Initial log-likelihood: -12.085
Optimal log-likelihood: -11.443
State frequencies:  0: 0.500  1: 0.500
Parameters optimization took 1 rounds (0.000 sec)
Wrote distance file to... 
Computing ML distances based on estimated model parameters...
Calculating distance matrix: done in 4.2e-005 secs
Computing ML distances took 0.000098 sec (of wall-clock time) 0.000000 sec (of CPU time)
WARNING: Some pairwise ML distances are too long (saturated)
Setting up auxiliary I and S matrices: done in 3.33e-005 secs
Constructing RapidNJ tree: done in 2.69e-005 secs
Computing RapidNJ tree took 0.000118 sec (of wall-clock time) 0.000000 sec (of CPU time)
Log-likelihood of RapidNJ tree: -11.443
--------------------------------------------------------------------
|             INITIALIZING CANDIDATE TREE SET                      |
--------------------------------------------------------------------
Generating 98 parsimony trees... 0.017 second
Computing log-likelihood of 36 initial trees ... 0.003 seconds
Current best score: -11.084

Do NNI search on 20 best initial trees
Estimate model parameters (epsilon = 0.100)
BETTER TREE FOUND at iteration 1: -11.073
Iteration 10 / LogL: -11.443 / Time: 0h:0m:0s
Iteration 20 / LogL: -11.443 / Time: 0h:0m:0s
Finish initializing candidate tree set (16)
Current best tree score: -11.073 / CPU time: 0.027
Number of iterations: 20
--------------------------------------------------------------------
|               OPTIMIZING CANDIDATE TREE SET                      |
--------------------------------------------------------------------
UPDATE BEST LOG-LIKELIHOOD: -11.073
UPDATE BEST LOG-LIKELIHOOD: -11.073
Iteration 30 / LogL: -11.073 / Time: 0h:0m:0s (0h:0m:0s left)
UPDATE BEST LOG-LIKELIHOOD: -11.073
Iteration 40 / LogL: -11.073 / Time: 0h:0m:0s (0h:0m:0s left)
UPDATE BEST LOG-LIKELIHOOD: -11.073
Iteration 50 / LogL: -11.073 / Time: 0h:0m:0s (0h:0m:0s left)
Iteration 60 / LogL: -11.443 / Time: 0h:0m:0s (0h:0m:0s left)
Iteration 70 / LogL: -11.443 / Time: 0h:0m:0s (0h:0m:0s left)
Iteration 80 / LogL: -11.073 / Time: 0h:0m:0s (0h:0m:0s left)
Iteration 90 / LogL: -11.073 / Time: 0h:0m:0s (0h:0m:0s left)
UPDATE BEST LOG-LIKELIHOOD: -11.073
Iteration 100 / LogL: -11.443 / Time: 0h:0m:0s (0h:0m:0s left)
TREE SEARCH COMPLETED AFTER 102 ITERATIONS / Time: 0h:0m:0s

--------------------------------------------------------------------
|                    FINALIZING TREE SEARCH                        |
--------------------------------------------------------------------
Performs final model parameters optimization
Estimate model parameters (epsilon = 0.010)
1. Initial log-likelihood: -11.073
Optimal log-likelihood: -11.073
State frequencies:  0: 0.500  1: 0.500
Parameters optimization took 1 rounds (0.000 sec)
BEST SCORE FOUND : -11.073
Total tree length: 1.822

Total number of iterations: 102
CPU time used for tree search: 0.141 sec (0h:0m:0s)
Wall-clock time used for tree search: 0.086 sec (0h:0m:0s)
Total CPU time used: 0.172 sec (0h:0m:0s)
Total wall-clock time used: 0.129 sec (0h:0m:0s)

Analysis results written to: 
  IQ-TREE report:                C:\Users\nickh\OneDrive\Desktop\phylo-tool\backend\iqtree_runs\868c061c-e55e-4b08-9d26-96c0c0f21c1a\matrix.nex.iqtree
  Maximum-likelihood tree:       C:\Users\nickh\OneDrive\Desktop\phylo-tool\backend\iqtree_runs\868c061c-e55e-4b08-9d26-96c0c0f21c1a\matrix.nex.treefile
  Likelihood distances:          C:\Users\nickh\OneDrive\Desktop\phylo-tool\backend\iqtree_runs\868c061c-e55e-4b08-9d26-96c0c0f21c1a\matrix.nex.mldist
  Screen log file:               C:\Users\nickh\OneDrive\Desktop\phylo-tool\backend\iqtree_runs\868c061c-e55e-4b08-9d26-96c0c0f21c1a\matrix.nex.log

Date and Time: Mon Apr 06 07:23:29 2026
